<?xml version="1.0" encoding="UTF-8"?>
<testsuite xmlns:xsi="http://www.w3.org/2001/XMLSchema-instance" xsi:noNamespaceSchemaLocation="https://maven.apache.org/surefire/maven-surefire-plugin/xsd/surefire-test-report.xsd" name="external.ExternalRunner" time="10.196" tests="7" errors="1" skipped="0" failures="1">
  <properties>
    <property name="java.specification.version" value="17"/>
    <property name="sun.cpu.isalist" value="amd64"/>
    <property name="sun.jnu.encoding" value="Cp1252"/>
    <property name="java.class.path" value="u:\hlocal\gg\gg\target\test-classes;u:\hlocal\gg\gg\target\classes;C:\Users\usuario_local\.m2\repository\org\springframework\boot\spring-boot-starter-data-jpa\2.7.8\spring-boot-starter-data-jpa-2.7.8.jar;C:\Users\usuario_local\.m2\repository\org\springframework\boot\spring-boot-starter-aop\2.7.8\spring-boot-starter-aop-2.7.8.jar;C:\Users\usuario_local\.m2\repository\org\aspectj\aspectjweaver\1.9.7\aspectjweaver-1.9.7.jar;C:\Users\usuario_local\.m2\repository\org\springframework\boot\spring-boot-starter-jdbc\2.7.8\spring-boot-starter-jdbc-2.7.8.jar;C:\Users\usuario_local\.m2\repository\com\zaxxer\HikariCP\4.0.3\HikariCP-4.0.3.jar;C:\Users\usuario_local\.m2\repository\org\springframework\spring-jdbc\5.3.25\spring-jdbc-5.3.25.jar;C:\Users\usuario_local\.m2\repository\jakarta\transaction\jakarta.transaction-api\1.3.3\jakarta.transaction-api-1.3.3.jar;C:\Users\usuario_local\.m2\repository\jakarta\persistence\jakarta.persistence-api\2.2.3\jakarta.persistence-api-2.2.3.jar;C:\Users\usuario_local\.m2\repository\org\hibernate\hibernate-core\5.6.14.Final\hibernate-core-5.6.14.Final.jar;C:\Users\usuario_local\.m2\repository\org\jboss\logging\jboss-logging\3.4.3.Final\jboss-logging-3.4.3.Final.jar;C:\Users\usuario_local\.m2\repository\net\bytebuddy\byte-buddy\1.12.22\byte-buddy-1.12.22.jar;C:\Users\usuario_local\.m2\repository\antlr\antlr\2.7.7\antlr-2.7.7.jar;C:\Users\usuario_local\.m2\repository\org\jboss\jandex\2.4.2.Final\jandex-2.4.2.Final.jar;C:\Users\usuario_local\.m2\repository\com\fasterxml\classmate\1.5.1\classmate-1.5.1.jar;C:\Users\usuario_local\.m2\repository\org\hibernate\common\hibernate-commons-annotations\5.1.2.Final\hibernate-commons-annotations-5.1.2.Final.jar;C:\Users\usuario_local\.m2\repository\org\glassfish\jaxb\jaxb-runtime\2.3.7\jaxb-runtime-2.3.7.jar;C:\Users\usuario_local\.m2\repository\org\glassfish\jaxb\txw2\2.3.7\txw2-2.3.7.jar;C:\Users\usuario_local\.m2\repository\com\sun\istack\istack-commons-runtime\3.0.12\istack-commons-runtime-3.0.12.jar;C:\Users\usuario_local\.m2\repository\com\sun\activation\jakarta.activation\1.2.2\jakarta.activation-1.2.2.jar;C:\Users\usuario_local\.m2\repository\org\springframework\data\spring-data-jpa\2.7.7\spring-data-jpa-2.7.7.jar;C:\Users\usuario_local\.m2\repository\org\springframework\data\spring-data-commons\2.7.7\spring-data-commons-2.7.7.jar;C:\Users\usuario_local\.m2\repository\org\springframework\spring-orm\5.3.25\spring-orm-5.3.25.jar;C:\Users\usuario_local\.m2\repository\org\springframework\spring-tx\5.3.25\spring-tx-5.3.25.jar;C:\Users\usuario_local\.m2\repository\org\springframework\spring-aspects\5.3.25\spring-aspects-5.3.25.jar;C:\Users\usuario_local\.m2\repository\org\springframework\boot\spring-boot-starter-security\2.7.8\spring-boot-starter-security-2.7.8.jar;C:\Users\usuario_local\.m2\repository\org\springframework\boot\spring-boot-starter\2.7.8\spring-boot-starter-2.7.8.jar;C:\Users\usuario_local\.m2\repository\org\springframework\boot\spring-boot\2.7.8\spring-boot-2.7.8.jar;C:\Users\usuario_local\.m2\repository\org\springframework\boot\spring-boot-autoconfigure\2.7.8\spring-boot-autoconfigure-2.7.8.jar;C:\Users\usuario_local\.m2\repository\org\springframework\boot\spring-boot-starter-logging\2.7.8\spring-boot-starter-logging-2.7.8.jar;C:\Users\usuario_local\.m2\repository\org\apache\logging\log4j\log4j-to-slf4j\2.17.2\log4j-to-slf4j-2.17.2.jar;C:\Users\usuario_local\.m2\repository\org\apache\logging\log4j\log4j-api\2.17.2\log4j-api-2.17.2.jar;C:\Users\usuario_local\.m2\repository\org\slf4j\jul-to-slf4j\1.7.36\jul-to-slf4j-1.7.36.jar;C:\Users\usuario_local\.m2\repository\jakarta\annotation\jakarta.annotation-api\1.3.5\jakarta.annotation-api-1.3.5.jar;C:\Users\usuario_local\.m2\repository\org\yaml\snakeyaml\1.30\snakeyaml-1.30.jar;C:\Users\usuario_local\.m2\repository\org\springframework\spring-aop\5.3.25\spring-aop-5.3.25.jar;C:\Users\usuario_local\.m2\repository\org\springframework\security\spring-security-config\5.7.6\spring-security-config-5.7.6.jar;C:\Users\usuario_local\.m2\repository\org\springframework\security\spring-security-web\5.7.6\spring-security-web-5.7.6.jar;C:\Users\usuario_local\.m2\repository\org\springframework\boot\spring-boot-starter-thymeleaf\2.7.8\spring-boot-starter-thymeleaf-2.7.8.jar;C:\Users\usuario_local\.m2\repository\org\thymeleaf\thymeleaf-spring5\3.0.15.RELEASE\thymeleaf-spring5-3.0.15.RELEASE.jar;C:\Users\usuario_local\.m2\repository\org\thymeleaf\thymeleaf\3.0.15.RELEASE\thymeleaf-3.0.15.RELEASE.jar;C:\Users\usuario_local\.m2\repository\org\attoparser\attoparser\2.0.5.RELEASE\attoparser-2.0.5.RELEASE.jar;C:\Users\usuario_local\.m2\repository\org\unbescape\unbescape\1.1.6.RELEASE\unbescape-1.1.6.RELEASE.jar;C:\Users\usuario_local\.m2\repository\org\thymeleaf\extras\thymeleaf-extras-java8time\3.0.4.RELEASE\thymeleaf-extras-java8time-3.0.4.RELEASE.jar;C:\Users\usuario_local\.m2\repository\org\springframework\boot\spring-boot-starter-web\2.7.8\spring-boot-starter-web-2.7.8.jar;C:\Users\usuario_local\.m2\repository\org\springframework\boot\spring-boot-starter-json\2.7.8\spring-boot-starter-json-2.7.8.jar;C:\Users\usuario_local\.m2\repository\com\fasterxml\jackson\core\jackson-databind\2.13.4.2\jackson-databind-2.13.4.2.jar;C:\Users\usuario_local\.m2\repository\com\fasterxml\jackson\core\jackson-annotations\2.13.4\jackson-annotations-2.13.4.jar;C:\Users\usuario_local\.m2\repository\com\fasterxml\jackson\core\jackson-core\2.13.4\jackson-core-2.13.4.jar;C:\Users\usuario_local\.m2\repository\com\fasterxml\jackson\datatype\jackson-datatype-jdk8\2.13.4\jackson-datatype-jdk8-2.13.4.jar;C:\Users\usuario_local\.m2\repository\com\fasterxml\jackson\datatype\jackson-datatype-jsr310\2.13.4\jackson-datatype-jsr310-2.13.4.jar;C:\Users\usuario_local\.m2\repository\com\fasterxml\jackson\module\jackson-module-parameter-names\2.13.4\jackson-module-parameter-names-2.13.4.jar;C:\Users\usuario_local\.m2\repository\org\springframework\boot\spring-boot-starter-tomcat\2.7.8\spring-boot-starter-tomcat-2.7.8.jar;C:\Users\usuario_local\.m2\repository\org\apache\tomcat\embed\tomcat-embed-core\9.0.71\tomcat-embed-core-9.0.71.jar;C:\Users\usuario_local\.m2\repository\org\apache\tomcat\embed\tomcat-embed-el\9.0.71\tomcat-embed-el-9.0.71.jar;C:\Users\usuario_local\.m2\repository\org\apache\tomcat\embed\tomcat-embed-websocket\9.0.71\tomcat-embed-websocket-9.0.71.jar;C:\Users\usuario_local\.m2\repository\org\springframework\spring-web\5.3.25\spring-web-5.3.25.jar;C:\Users\usuario_local\.m2\repository\org\springframework\spring-webmvc\5.3.25\spring-webmvc-5.3.25.jar;C:\Users\usuario_local\.m2\repository\org\springframework\boot\spring-boot-starter-websocket\2.7.8\spring-boot-starter-websocket-2.7.8.jar;C:\Users\usuario_local\.m2\repository\org\springframework\spring-messaging\5.3.25\spring-messaging-5.3.25.jar;C:\Users\usuario_local\.m2\repository\org\springframework\spring-websocket\5.3.25\spring-websocket-5.3.25.jar;C:\Users\usuario_local\.m2\repository\org\thymeleaf\extras\thymeleaf-extras-springsecurity5\3.0.5.RELEASE\thymeleaf-extras-springsecurity5-3.0.5.RELEASE.jar;C:\Users\usuario_local\.m2\repository\org\slf4j\slf4j-api\1.7.36\slf4j-api-1.7.36.jar;C:\Users\usuario_local\.m2\repository\com\h2database\h2\2.1.214\h2-2.1.214.jar;C:\Users\usuario_local\.m2\repository\org\projectlombok\lombok\1.18.24\lombok-1.18.24.jar;C:\Users\usuario_local\.m2\repository\org\springframework\boot\spring-boot-starter-test\2.7.8\spring-boot-starter-test-2.7.8.jar;C:\Users\usuario_local\.m2\repository\org\springframework\boot\spring-boot-test\2.7.8\spring-boot-test-2.7.8.jar;C:\Users\usuario_local\.m2\repository\org\springframework\boot\spring-boot-test-autoconfigure\2.7.8\spring-boot-test-autoconfigure-2.7.8.jar;C:\Users\usuario_local\.m2\repository\com\jayway\jsonpath\json-path\2.7.0\json-path-2.7.0.jar;C:\Users\usuario_local\.m2\repository\net\minidev\json-smart\2.4.8\json-smart-2.4.8.jar;C:\Users\usuario_local\.m2\repository\net\minidev\accessors-smart\2.4.8\accessors-smart-2.4.8.jar;C:\Users\usuario_local\.m2\repository\org\ow2\asm\asm\9.1\asm-9.1.jar;C:\Users\usuario_local\.m2\repository\jakarta\xml\bind\jakarta.xml.bind-api\2.3.3\jakarta.xml.bind-api-2.3.3.jar;C:\Users\usuario_local\.m2\repository\jakarta\activation\jakarta.activation-api\1.2.2\jakarta.activation-api-1.2.2.jar;C:\Users\usuario_local\.m2\repository\org\assertj\assertj-core\3.22.0\assertj-core-3.22.0.jar;C:\Users\usuario_local\.m2\repository\org\hamcrest\hamcrest\2.2\hamcrest-2.2.jar;C:\Users\usuario_local\.m2\repository\org\junit\jupiter\junit-jupiter\5.8.2\junit-jupiter-5.8.2.jar;C:\Users\usuario_local\.m2\repository\org\junit\jupiter\junit-jupiter-params\5.8.2\junit-jupiter-params-5.8.2.jar;C:\Users\usuario_local\.m2\repository\org\mockito\mockito-core\4.5.1\mockito-core-4.5.1.jar;C:\Users\usuario_local\.m2\repository\net\bytebuddy\byte-buddy-agent\1.12.22\byte-buddy-agent-1.12.22.jar;C:\Users\usuario_local\.m2\repository\org\objenesis\objenesis\3.2\objenesis-3.2.jar;C:\Users\usuario_local\.m2\repository\org\mockito\mockito-junit-jupiter\4.5.1\mockito-junit-jupiter-4.5.1.jar;C:\Users\usuario_local\.m2\repository\org\skyscreamer\jsonassert\1.5.1\jsonassert-1.5.1.jar;C:\Users\usuario_local\.m2\repository\com\vaadin\external\google\android-json\0.0.20131108.vaadin1\android-json-0.0.20131108.vaadin1.jar;C:\Users\usuario_local\.m2\repository\org\springframework\spring-core\5.3.25\spring-core-5.3.25.jar;C:\Users\usuario_local\.m2\repository\org\springframework\spring-jcl\5.3.25\spring-jcl-5.3.25.jar;C:\Users\usuario_local\.m2\repository\org\springframework\spring-test\5.3.25\spring-test-5.3.25.jar;C:\Users\usuario_local\.m2\repository\org\xmlunit\xmlunit-core\2.9.1\xmlunit-core-2.9.1.jar;C:\Users\usuario_local\.m2\repository\org\springframework\security\spring-security-messaging\5.7.6\spring-security-messaging-5.7.6.jar;C:\Users\usuario_local\.m2\repository\org\springframework\security\spring-security-core\5.7.6\spring-security-core-5.7.6.jar;C:\Users\usuario_local\.m2\repository\org\springframework\security\spring-security-crypto\5.7.6\spring-security-crypto-5.7.6.jar;C:\Users\usuario_local\.m2\repository\org\springframework\spring-beans\5.3.25\spring-beans-5.3.25.jar;C:\Users\usuario_local\.m2\repository\org\springframework\spring-context\5.3.25\spring-context-5.3.25.jar;C:\Users\usuario_local\.m2\repository\org\springframework\spring-expression\5.3.25\spring-expression-5.3.25.jar;C:\Users\usuario_local\.m2\repository\org\springframework\security\spring-security-test\5.7.6\spring-security-test-5.7.6.jar;C:\Users\usuario_local\.m2\repository\com\intuit\karate\karate-junit5\1.1.0\karate-junit5-1.1.0.jar;C:\Users\usuario_local\.m2\repository\com\intuit\karate\karate-core\1.1.0\karate-core-1.1.0.jar;C:\Users\usuario_local\.m2\repository\org\graalvm\js\js-scriptengine\21.2.0\js-scriptengine-21.2.0.jar;C:\Users\usuario_local\.m2\repository\org\graalvm\sdk\graal-sdk\21.2.0\graal-sdk-21.2.0.jar;C:\Users\usuario_local\.m2\repository\org\graalvm\js\js\21.2.0\js-21.2.0.jar;C:\Users\usuario_local\.m2\repository\org\graalvm\regex\regex\21.2.0\regex-21.2.0.jar;C:\Users\usuario_local\.m2\repository\org\graalvm\truffle\truffle-api\21.2.0\truffle-api-21.2.0.jar;C:\Users\usuario_local\.m2\repository\com\ibm\icu\icu4j\69.1\icu4j-69.1.jar;C:\Users\usuario_local\.m2\repository\ch\qos\logback\logback-classic\1.2.11\logback-classic-1.2.11.jar;C:\Users\usuario_local\.m2\repository\ch\qos\logback\logback-core\1.2.11\logback-core-1.2.11.jar;C:\Users\usuario_local\.m2\repository\org\slf4j\jcl-over-slf4j\1.7.36\jcl-over-slf4j-1.7.36.jar;C:\Users\usuario_local\.m2\repository\info\cukes\cucumber-java\1.2.5\cucumber-java-1.2.5.jar;C:\Users\usuario_local\.m2\repository\info\cukes\cucumber-core\1.2.5\cucumber-core-1.2.5.jar;C:\Users\usuario_local\.m2\repository\de\siegmar\fastcsv\2.0.0\fastcsv-2.0.0.jar;C:\Users\usuario_local\.m2\repository\info\picocli\picocli\4.6.1\picocli-4.6.1.jar;C:\Users\usuario_local\.m2\repository\org\junit\jupiter\junit-jupiter-api\5.8.2\junit-jupiter-api-5.8.2.jar;C:\Users\usuario_local\.m2\repository\org\opentest4j\opentest4j\1.2.0\opentest4j-1.2.0.jar;C:\Users\usuario_local\.m2\repository\org\junit\platform\junit-platform-commons\1.8.2\junit-platform-commons-1.8.2.jar;C:\Users\usuario_local\.m2\repository\org\apiguardian\apiguardian-api\1.1.2\apiguardian-api-1.1.2.jar;C:\Users\usuario_local\.m2\repository\org\junit\jupiter\junit-jupiter-engine\5.8.2\junit-jupiter-engine-5.8.2.jar;C:\Users\usuario_local\.m2\repository\org\junit\platform\junit-platform-engine\1.8.2\junit-platform-engine-1.8.2.jar;"/>
    <property name="java.vm.vendor" value="Oracle Corporation"/>
    <property name="sun.arch.data.model" value="64"/>
    <property name="user.variant" value=""/>
    <property name="java.vendor.url" value="https://java.oracle.com/"/>
    <property name="user.timezone" value="Europe/Madrid"/>
    <property name="os.name" value="Windows 10"/>
    <property name="java.vm.specification.version" value="17"/>
    <property name="sun.java.launcher" value="SUN_STANDARD"/>
    <property name="user.country" value="ES"/>
    <property name="sun.boot.library.path" value="C:\JDK\jdk17-x86_64\bin"/>
    <property name="sun.java.command" value="C:\Users\USUARI~2\AppData\Local\Temp\surefire5677641345392028734\surefirebooter15331513064136712092.jar C:\Users\usuario_local\AppData\Local\Temp\surefire5677641345392028734 2024-03-12T14-16-50_123-jvmRun1 surefire17604547077808544132tmp surefire_03476056264873302117tmp"/>
    <property name="jdk.debug" value="release"/>
    <property name="test" value="ExternalRunner"/>
    <property name="surefire.test.class.path" value="u:\hlocal\gg\gg\target\test-classes;u:\hlocal\gg\gg\target\classes;C:\Users\usuario_local\.m2\repository\org\springframework\boot\spring-boot-starter-data-jpa\2.7.8\spring-boot-starter-data-jpa-2.7.8.jar;C:\Users\usuario_local\.m2\repository\org\springframework\boot\spring-boot-starter-aop\2.7.8\spring-boot-starter-aop-2.7.8.jar;C:\Users\usuario_local\.m2\repository\org\aspectj\aspectjweaver\1.9.7\aspectjweaver-1.9.7.jar;C:\Users\usuario_local\.m2\repository\org\springframework\boot\spring-boot-starter-jdbc\2.7.8\spring-boot-starter-jdbc-2.7.8.jar;C:\Users\usuario_local\.m2\repository\com\zaxxer\HikariCP\4.0.3\HikariCP-4.0.3.jar;C:\Users\usuario_local\.m2\repository\org\springframework\spring-jdbc\5.3.25\spring-jdbc-5.3.25.jar;C:\Users\usuario_local\.m2\repository\jakarta\transaction\jakarta.transaction-api\1.3.3\jakarta.transaction-api-1.3.3.jar;C:\Users\usuario_local\.m2\repository\jakarta\persistence\jakarta.persistence-api\2.2.3\jakarta.persistence-api-2.2.3.jar;C:\Users\usuario_local\.m2\repository\org\hibernate\hibernate-core\5.6.14.Final\hibernate-core-5.6.14.Final.jar;C:\Users\usuario_local\.m2\repository\org\jboss\logging\jboss-logging\3.4.3.Final\jboss-logging-3.4.3.Final.jar;C:\Users\usuario_local\.m2\repository\net\bytebuddy\byte-buddy\1.12.22\byte-buddy-1.12.22.jar;C:\Users\usuario_local\.m2\repository\antlr\antlr\2.7.7\antlr-2.7.7.jar;C:\Users\usuario_local\.m2\repository\org\jboss\jandex\2.4.2.Final\jandex-2.4.2.Final.jar;C:\Users\usuario_local\.m2\repository\com\fasterxml\classmate\1.5.1\classmate-1.5.1.jar;C:\Users\usuario_local\.m2\repository\org\hibernate\common\hibernate-commons-annotations\5.1.2.Final\hibernate-commons-annotations-5.1.2.Final.jar;C:\Users\usuario_local\.m2\repository\org\glassfish\jaxb\jaxb-runtime\2.3.7\jaxb-runtime-2.3.7.jar;C:\Users\usuario_local\.m2\repository\org\glassfish\jaxb\txw2\2.3.7\txw2-2.3.7.jar;C:\Users\usuario_local\.m2\repository\com\sun\istack\istack-commons-runtime\3.0.12\istack-commons-runtime-3.0.12.jar;C:\Users\usuario_local\.m2\repository\com\sun\activation\jakarta.activation\1.2.2\jakarta.activation-1.2.2.jar;C:\Users\usuario_local\.m2\repository\org\springframework\data\spring-data-jpa\2.7.7\spring-data-jpa-2.7.7.jar;C:\Users\usuario_local\.m2\repository\org\springframework\data\spring-data-commons\2.7.7\spring-data-commons-2.7.7.jar;C:\Users\usuario_local\.m2\repository\org\springframework\spring-orm\5.3.25\spring-orm-5.3.25.jar;C:\Users\usuario_local\.m2\repository\org\springframework\spring-tx\5.3.25\spring-tx-5.3.25.jar;C:\Users\usuario_local\.m2\repository\org\springframework\spring-aspects\5.3.25\spring-aspects-5.3.25.jar;C:\Users\usuario_local\.m2\repository\org\springframework\boot\spring-boot-starter-security\2.7.8\spring-boot-starter-security-2.7.8.jar;C:\Users\usuario_local\.m2\repository\org\springframework\boot\spring-boot-starter\2.7.8\spring-boot-starter-2.7.8.jar;C:\Users\usuario_local\.m2\repository\org\springframework\boot\spring-boot\2.7.8\spring-boot-2.7.8.jar;C:\Users\usuario_local\.m2\repository\org\springframework\boot\spring-boot-autoconfigure\2.7.8\spring-boot-autoconfigure-2.7.8.jar;C:\Users\usuario_local\.m2\repository\org\springframework\boot\spring-boot-starter-logging\2.7.8\spring-boot-starter-logging-2.7.8.jar;C:\Users\usuario_local\.m2\repository\org\apache\logging\log4j\log4j-to-slf4j\2.17.2\log4j-to-slf4j-2.17.2.jar;C:\Users\usuario_local\.m2\repository\org\apache\logging\log4j\log4j-api\2.17.2\log4j-api-2.17.2.jar;C:\Users\usuario_local\.m2\repository\org\slf4j\jul-to-slf4j\1.7.36\jul-to-slf4j-1.7.36.jar;C:\Users\usuario_local\.m2\repository\jakarta\annotation\jakarta.annotation-api\1.3.5\jakarta.annotation-api-1.3.5.jar;C:\Users\usuario_local\.m2\repository\org\yaml\snakeyaml\1.30\snakeyaml-1.30.jar;C:\Users\usuario_local\.m2\repository\org\springframework\spring-aop\5.3.25\spring-aop-5.3.25.jar;C:\Users\usuario_local\.m2\repository\org\springframework\security\spring-security-config\5.7.6\spring-security-config-5.7.6.jar;C:\Users\usuario_local\.m2\repository\org\springframework\security\spring-security-web\5.7.6\spring-security-web-5.7.6.jar;C:\Users\usuario_local\.m2\repository\org\springframework\boot\spring-boot-starter-thymeleaf\2.7.8\spring-boot-starter-thymeleaf-2.7.8.jar;C:\Users\usuario_local\.m2\repository\org\thymeleaf\thymeleaf-spring5\3.0.15.RELEASE\thymeleaf-spring5-3.0.15.RELEASE.jar;C:\Users\usuario_local\.m2\repository\org\thymeleaf\thymeleaf\3.0.15.RELEASE\thymeleaf-3.0.15.RELEASE.jar;C:\Users\usuario_local\.m2\repository\org\attoparser\attoparser\2.0.5.RELEASE\attoparser-2.0.5.RELEASE.jar;C:\Users\usuario_local\.m2\repository\org\unbescape\unbescape\1.1.6.RELEASE\unbescape-1.1.6.RELEASE.jar;C:\Users\usuario_local\.m2\repository\org\thymeleaf\extras\thymeleaf-extras-java8time\3.0.4.RELEASE\thymeleaf-extras-java8time-3.0.4.RELEASE.jar;C:\Users\usuario_local\.m2\repository\org\springframework\boot\spring-boot-starter-web\2.7.8\spring-boot-starter-web-2.7.8.jar;C:\Users\usuario_local\.m2\repository\org\springframework\boot\spring-boot-starter-json\2.7.8\spring-boot-starter-json-2.7.8.jar;C:\Users\usuario_local\.m2\repository\com\fasterxml\jackson\core\jackson-databind\2.13.4.2\jackson-databind-2.13.4.2.jar;C:\Users\usuario_local\.m2\repository\com\fasterxml\jackson\core\jackson-annotations\2.13.4\jackson-annotations-2.13.4.jar;C:\Users\usuario_local\.m2\repository\com\fasterxml\jackson\core\jackson-core\2.13.4\jackson-core-2.13.4.jar;C:\Users\usuario_local\.m2\repository\com\fasterxml\jackson\datatype\jackson-datatype-jdk8\2.13.4\jackson-datatype-jdk8-2.13.4.jar;C:\Users\usuario_local\.m2\repository\com\fasterxml\jackson\datatype\jackson-datatype-jsr310\2.13.4\jackson-datatype-jsr310-2.13.4.jar;C:\Users\usuario_local\.m2\repository\com\fasterxml\jackson\module\jackson-module-parameter-names\2.13.4\jackson-module-parameter-names-2.13.4.jar;C:\Users\usuario_local\.m2\repository\org\springframework\boot\spring-boot-starter-tomcat\2.7.8\spring-boot-starter-tomcat-2.7.8.jar;C:\Users\usuario_local\.m2\repository\org\apache\tomcat\embed\tomcat-embed-core\9.0.71\tomcat-embed-core-9.0.71.jar;C:\Users\usuario_local\.m2\repository\org\apache\tomcat\embed\tomcat-embed-el\9.0.71\tomcat-embed-el-9.0.71.jar;C:\Users\usuario_local\.m2\repository\org\apache\tomcat\embed\tomcat-embed-websocket\9.0.71\tomcat-embed-websocket-9.0.71.jar;C:\Users\usuario_local\.m2\repository\org\springframework\spring-web\5.3.25\spring-web-5.3.25.jar;C:\Users\usuario_local\.m2\repository\org\springframework\spring-webmvc\5.3.25\spring-webmvc-5.3.25.jar;C:\Users\usuario_local\.m2\repository\org\springframework\boot\spring-boot-starter-websocket\2.7.8\spring-boot-starter-websocket-2.7.8.jar;C:\Users\usuario_local\.m2\repository\org\springframework\spring-messaging\5.3.25\spring-messaging-5.3.25.jar;C:\Users\usuario_local\.m2\repository\org\springframework\spring-websocket\5.3.25\spring-websocket-5.3.25.jar;C:\Users\usuario_local\.m2\repository\org\thymeleaf\extras\thymeleaf-extras-springsecurity5\3.0.5.RELEASE\thymeleaf-extras-springsecurity5-3.0.5.RELEASE.jar;C:\Users\usuario_local\.m2\repository\org\slf4j\slf4j-api\1.7.36\slf4j-api-1.7.36.jar;C:\Users\usuario_local\.m2\repository\com\h2database\h2\2.1.214\h2-2.1.214.jar;C:\Users\usuario_local\.m2\repository\org\projectlombok\lombok\1.18.24\lombok-1.18.24.jar;C:\Users\usuario_local\.m2\repository\org\springframework\boot\spring-boot-starter-test\2.7.8\spring-boot-starter-test-2.7.8.jar;C:\Users\usuario_local\.m2\repository\org\springframework\boot\spring-boot-test\2.7.8\spring-boot-test-2.7.8.jar;C:\Users\usuario_local\.m2\repository\org\springframework\boot\spring-boot-test-autoconfigure\2.7.8\spring-boot-test-autoconfigure-2.7.8.jar;C:\Users\usuario_local\.m2\repository\com\jayway\jsonpath\json-path\2.7.0\json-path-2.7.0.jar;C:\Users\usuario_local\.m2\repository\net\minidev\json-smart\2.4.8\json-smart-2.4.8.jar;C:\Users\usuario_local\.m2\repository\net\minidev\accessors-smart\2.4.8\accessors-smart-2.4.8.jar;C:\Users\usuario_local\.m2\repository\org\ow2\asm\asm\9.1\asm-9.1.jar;C:\Users\usuario_local\.m2\repository\jakarta\xml\bind\jakarta.xml.bind-api\2.3.3\jakarta.xml.bind-api-2.3.3.jar;C:\Users\usuario_local\.m2\repository\jakarta\activation\jakarta.activation-api\1.2.2\jakarta.activation-api-1.2.2.jar;C:\Users\usuario_local\.m2\repository\org\assertj\assertj-core\3.22.0\assertj-core-3.22.0.jar;C:\Users\usuario_local\.m2\repository\org\hamcrest\hamcrest\2.2\hamcrest-2.2.jar;C:\Users\usuario_local\.m2\repository\org\junit\jupiter\junit-jupiter\5.8.2\junit-jupiter-5.8.2.jar;C:\Users\usuario_local\.m2\repository\org\junit\jupiter\junit-jupiter-params\5.8.2\junit-jupiter-params-5.8.2.jar;C:\Users\usuario_local\.m2\repository\org\mockito\mockito-core\4.5.1\mockito-core-4.5.1.jar;C:\Users\usuario_local\.m2\repository\net\bytebuddy\byte-buddy-agent\1.12.22\byte-buddy-agent-1.12.22.jar;C:\Users\usuario_local\.m2\repository\org\objenesis\objenesis\3.2\objenesis-3.2.jar;C:\Users\usuario_local\.m2\repository\org\mockito\mockito-junit-jupiter\4.5.1\mockito-junit-jupiter-4.5.1.jar;C:\Users\usuario_local\.m2\repository\org\skyscreamer\jsonassert\1.5.1\jsonassert-1.5.1.jar;C:\Users\usuario_local\.m2\repository\com\vaadin\external\google\android-json\0.0.20131108.vaadin1\android-json-0.0.20131108.vaadin1.jar;C:\Users\usuario_local\.m2\repository\org\springframework\spring-core\5.3.25\spring-core-5.3.25.jar;C:\Users\usuario_local\.m2\repository\org\springframework\spring-jcl\5.3.25\spring-jcl-5.3.25.jar;C:\Users\usuario_local\.m2\repository\org\springframework\spring-test\5.3.25\spring-test-5.3.25.jar;C:\Users\usuario_local\.m2\repository\org\xmlunit\xmlunit-core\2.9.1\xmlunit-core-2.9.1.jar;C:\Users\usuario_local\.m2\repository\org\springframework\security\spring-security-messaging\5.7.6\spring-security-messaging-5.7.6.jar;C:\Users\usuario_local\.m2\repository\org\springframework\security\spring-security-core\5.7.6\spring-security-core-5.7.6.jar;C:\Users\usuario_local\.m2\repository\org\springframework\security\spring-security-crypto\5.7.6\spring-security-crypto-5.7.6.jar;C:\Users\usuario_local\.m2\repository\org\springframework\spring-beans\5.3.25\spring-beans-5.3.25.jar;C:\Users\usuario_local\.m2\repository\org\springframework\spring-context\5.3.25\spring-context-5.3.25.jar;C:\Users\usuario_local\.m2\repository\org\springframework\spring-expression\5.3.25\spring-expression-5.3.25.jar;C:\Users\usuario_local\.m2\repository\org\springframework\security\spring-security-test\5.7.6\spring-security-test-5.7.6.jar;C:\Users\usuario_local\.m2\repository\com\intuit\karate\karate-junit5\1.1.0\karate-junit5-1.1.0.jar;C:\Users\usuario_local\.m2\repository\com\intuit\karate\karate-core\1.1.0\karate-core-1.1.0.jar;C:\Users\usuario_local\.m2\repository\org\graalvm\js\js-scriptengine\21.2.0\js-scriptengine-21.2.0.jar;C:\Users\usuario_local\.m2\repository\org\graalvm\sdk\graal-sdk\21.2.0\graal-sdk-21.2.0.jar;C:\Users\usuario_local\.m2\repository\org\graalvm\js\js\21.2.0\js-21.2.0.jar;C:\Users\usuario_local\.m2\repository\org\graalvm\regex\regex\21.2.0\regex-21.2.0.jar;C:\Users\usuario_local\.m2\repository\org\graalvm\truffle\truffle-api\21.2.0\truffle-api-21.2.0.jar;C:\Users\usuario_local\.m2\repository\com\ibm\icu\icu4j\69.1\icu4j-69.1.jar;C:\Users\usuario_local\.m2\repository\ch\qos\logback\logback-classic\1.2.11\logback-classic-1.2.11.jar;C:\Users\usuario_local\.m2\repository\ch\qos\logback\logback-core\1.2.11\logback-core-1.2.11.jar;C:\Users\usuario_local\.m2\repository\org\slf4j\jcl-over-slf4j\1.7.36\jcl-over-slf4j-1.7.36.jar;C:\Users\usuario_local\.m2\repository\info\cukes\cucumber-java\1.2.5\cucumber-java-1.2.5.jar;C:\Users\usuario_local\.m2\repository\info\cukes\cucumber-core\1.2.5\cucumber-core-1.2.5.jar;C:\Users\usuario_local\.m2\repository\de\siegmar\fastcsv\2.0.0\fastcsv-2.0.0.jar;C:\Users\usuario_local\.m2\repository\info\picocli\picocli\4.6.1\picocli-4.6.1.jar;C:\Users\usuario_local\.m2\repository\org\junit\jupiter\junit-jupiter-api\5.8.2\junit-jupiter-api-5.8.2.jar;C:\Users\usuario_local\.m2\repository\org\opentest4j\opentest4j\1.2.0\opentest4j-1.2.0.jar;C:\Users\usuario_local\.m2\repository\org\junit\platform\junit-platform-commons\1.8.2\junit-platform-commons-1.8.2.jar;C:\Users\usuario_local\.m2\repository\org\apiguardian\apiguardian-api\1.1.2\apiguardian-api-1.1.2.jar;C:\Users\usuario_local\.m2\repository\org\junit\jupiter\junit-jupiter-engine\5.8.2\junit-jupiter-engine-5.8.2.jar;C:\Users\usuario_local\.m2\repository\org\junit\platform\junit-platform-engine\1.8.2\junit-platform-engine-1.8.2.jar;"/>
    <property name="sun.cpu.endian" value="little"/>
    <property name="user.home" value="C:\Users\usuario_local"/>
    <property name="user.language" value="es"/>
    <property name="java.specification.vendor" value="Oracle Corporation"/>
    <property name="java.version.date" value="2022-04-22"/>
    <property name="java.home" value="C:\JDK\jdk17-x86_64"/>
    <property name="file.separator" value="\"/>
    <property name="basedir" value="u:\hlocal\gg\gg"/>
    <property name="java.vm.compressedOopsMode" value="Zero based"/>
    <property name="line.separator" value="&#10;"/>
    <property name="java.vm.specification.vendor" value="Oracle Corporation"/>
    <property name="java.specification.name" value="Java Platform API Specification"/>
    <property name="surefire.real.class.path" value="C:\Users\USUARI~2\AppData\Local\Temp\surefire5677641345392028734\surefirebooter15331513064136712092.jar"/>
    <property name="user.script" value=""/>
    <property name="sun.management.compiler" value="HotSpot 64-Bit Tiered Compilers"/>
    <property name="java.runtime.version" value="17.0.3.1+2-LTS-6"/>
    <property name="user.name" value="usuario_local"/>
    <property name="path.separator" value=";"/>
    <property name="os.version" value="10.0"/>
    <property name="java.runtime.name" value="Java(TM) SE Runtime Environment"/>
    <property name="file.encoding" value="UTF-8"/>
    <property name="java.vm.name" value="Java HotSpot(TM) 64-Bit Server VM"/>
    <property name="localRepository" value="C:\Users\usuario_local\.m2\repository"/>
    <property name="java.vendor.url.bug" value="https://bugreport.java.com/bugreport/"/>
    <property name="java.io.tmpdir" value="C:\Users\USUARI~2\AppData\Local\Temp\"/>
    <property name="java.version" value="17.0.3.1"/>
    <property name="user.dir" value="u:\hlocal\gg\gg"/>
    <property name="os.arch" value="amd64"/>
    <property name="java.vm.specification.name" value="Java Virtual Machine Specification"/>
    <property name="sun.os.patch.level" value=""/>
    <property name="native.encoding" value="Cp1252"/>
    <property name="java.library.path" value="C:\JDK\jdk17-x86_64\bin;C:\WINDOWS\Sun\Java\bin;C:\WINDOWS\system32;C:\WINDOWS;C:\software\programacion\JAVA\apache-maven\bin;C:\JDK\jdk17-x86_64\bin;C:\software\programacion\JAVA\apache-ant\bin;C:\software\math\matlab\bin;C:\software\math\matlab\bin\win64;C:\Program Files\Haskell\bin;C:\software\programacion\haskell\lib\extralibs\bin;C:\software\programacion\haskell\bin;c:\software\BBDD\Oracle\Ora11gr2_x64\cliente\bin;C:\Windows\system32;C:\Windows;C:\Windows\System32\Wbem;C:\Windows\System32\WindowsPowerShell\v1.0\;C:\Windows\System32\OpenSSH\;c:\software\utilidades\LyX\MiKTeX 2.9\miktex\bin\;C:\software\programacion\NET\GTK\bin;C:\Program Files (x86)\GtkSharp\2.12\bin;c:\software\programacion\MSVStudioCode\bin;c:\software\electronica\XSTOOLs;C:\software\programacion\haskell\mingw\bin;C:\software\programacion\WWW\nodejs\;C:\software\multimedia\ChucK\/bin;C:\Program Files\Common Files\Autodesk Shared\;C:\software\utilidades\pandoc\;C:\software\utilidades\LyX\MiKTeX 2.9\miktex\bin\x64\;C:\Users\Administrador\AppData\Roaming\cabal\bin;C:\software\programacion\haskell\stack\bin;C:\Users\Administrador\AppData\Local\Microsoft\WindowsApps;C:\Users\Administrador\AppData\Local\GitHubDesktop\bin;C:\Users\Administrador\AppData\Roaming\npm;C:\Program Files (x86)\Pico Technology\PicoScope6\;C:\WINDOWS\system32;C:\WINDOWS;C:\WINDOWS\System32\Wbem;C:\WINDOWS\System32\WindowsPowerShell\v1.0\;C:\WINDOWS\System32\OpenSSH\;C:\Program Files\Pandoc\;C:\JDK\jdk17-x86_64\bin;C:\Users\Administrador\.dotnet\tools;C:\software\vagrant\bin;c:\software\math\matlab\runtime\win64;c:\software\math\matlab\bin;C:\Program Files (x86)\NVIDIA Corporation\PhysX\Common;C:\WINDOWS\system32;C:\WINDOWS;C:\WINDOWS\System32\Wbem;C:\WINDOWS\System32\WindowsPowerShell\v1.0\;C:\WINDOWS\System32\OpenSSH\;c:\Program Files\Microsoft SQL Server\Client SDK\ODBC\170\Tools\Binn\;c:\Program Files\Microsoft SQL Server\150\Tools\Binn\;c:\software\electronica\EclipseRV\SysGCC\bin;c:\software\programacion\cversiones\GitLFS;C:\software\programacion\CVersiones\HelixVisualClient\;C:\software\programacion\CVersiones\HelixcmdlineClient\;C:\Program Files (x86)\Windows Kits\10\Windows Performance Toolkit\;c:\software\programacion\CVersiones\Git\cmd;C:\software\programacion\CVersiones\Meld\;C:\software\programacion\CVersiones\tortoiseSVN\bin;C:\software\programacion\CVersiones\TortoiseGit\bin;c:\software\utilidades\MiKTeX\miktex\bin\x64\;C:\software\programacion\prolog\SWIprolog\bin;C:\Users\Administrador\AppData\Local\gitkraken\bin;C:\Program Files\IBM\Cloud\bin;C:\Program Files (x86)\Incredibuild;c:\Program Files\dotnet\;C:\Users\usuario_local\AppData\Local\Microsoft\WindowsApps;U:\usuarios\usuario_local\AppData\Local\GitHubDesktop\bin;C:\Users\usuario_local\AppData\Local\Microsoft\WindowsApps;C:\Users\usuario_local\AppData\Local\gitkraken\bin;C:\Users\usuario_local\AppData\Local\GitHubDesktop\bin;."/>
    <property name="java.vm.info" value="mixed mode, sharing"/>
    <property name="java.vendor" value="Oracle Corporation"/>
    <property name="java.vm.version" value="17.0.3.1+2-LTS-6"/>
    <property name="sun.io.unicode.encoding" value="UnicodeLittle"/>
    <property name="java.class.version" value="61.0"/>
  </properties>
  <testcase name="testLogin[1][1]" classname="external.ExternalRunner" time="2.87"/>
  <testcase name="testLogin[1][2]" classname="external.ExternalRunner" time="0.939"/>
  <testcase name="testLogin[1][3]" classname="external.ExternalRunner" time="0.847"/>
  <testcase name="testLogin[1][4]" classname="external.ExternalRunner" time="1.046"/>
  <testcase name="testLogin[1][5]" classname="external.ExternalRunner" time="1.662"/>
  <testcase name="testGuia" classname="external.ExternalRunner" time="1.674">
    <error message="mismatched input &apos;k&apos; expecting &lt;EOF&gt;" type="java.lang.RuntimeException"><![CDATA[java.lang.RuntimeException: mismatched input 'k' expecting <EOF>
]]></error>
    <system-out><![CDATA[14:16:58.955 [main] ERROR com.intuit.karate.core.FeatureParser - not a valid feature file: external/guias.feature - mismatched input 'k' expecting <EOF>
]]></system-out>
    <system-err><![CDATA[line 7:8 mismatched input 'k' expecting <EOF>
]]></system-err>
  </testcase>
  <testcase name="testWs[1][1]" classname="external.ExternalRunner" time="2.288">
    <failure message="match failed: CONTAINS&#10;  $ | actual does not contain expected (STRING:STRING)&#10;  &apos;&lt;div class=&quot;py-5 row&quot; id=&quot;mensajes&quot;&gt;&#10;            &lt;/div&gt;&apos;&#10;  &apos;el número secreto es el 559&apos;&#10;&#10;classpath:external/ws.feature:15" type="org.opentest4j.AssertionFailedError"><![CDATA[org.opentest4j.AssertionFailedError: 
match failed: CONTAINS
  $ | actual does not contain expected (STRING:STRING)
  '<div class="py-5 row" id="mensajes">
            </div>'
  'el número secreto es el 559'

classpath:external/ws.feature:15
]]></failure>
    <system-out><![CDATA[14:16:58.961 [main] DEBUG com.intuit.karate.Suite - [config] classpath:karate-config.js
14:16:58.964 [main] INFO  com.intuit.karate - karate.env system property was: null 
14:16:58.970 [main] INFO  c.intuit.karate.core.FeatureRuntime - classpath:external/login.feature - call by tag at line 30: login_a
14:16:58.972 [main] DEBUG com.intuit.karate.shell.Command - found / verified free local port: 51719
14:16:58.973 [main] WARN  c.intuit.karate.driver.DriverOptions - preferred port 9222 not available, will use: 51719
14:16:58.974 [main] DEBUG c.i.k.driver.chrome_1710249418972 - poll attempt #0 for port to be ready - localhost:51719
14:16:58.974 [chrome_1710249418972] DEBUG c.i.k.driver.chrome_1710249418972 - command: [C:\Program Files (x86)\Google\Chrome\Application\chrome.exe, --remote-debugging-port=51719, --no-first-run, --user-data-dir=u:\hlocal\gg\gg\target\chrome_1710249418972, --disable-popup-blocking, --remote-allow-origins=*, --incognito], working dir: target\chrome_1710249418972
14:16:59.143 [chrome_1710249418972-out] DEBUG c.i.k.driver.chrome_1710249418972 - 
14:16:59.143 [chrome_1710249418972-out] DEBUG c.i.k.driver.chrome_1710249418972 - DevTools listening on ws://127.0.0.1:51719/devtools/browser/74738568-159e-4898-a811-526206b8adc2
14:16:59.235 [main] DEBUG c.i.k.driver.chrome_1710249418972 - poll attempt #1 for port to be ready - localhost:51719
14:16:59.244 [main] DEBUG com.intuit.karate - request:
1 > GET http://localhost:51719/json
1 > Host: localhost:51719
1 > Connection: Keep-Alive
1 > User-Agent: Apache-HttpClient/4.5.13 (Java/17.0.3.1)
1 > Accept-Encoding: gzip,deflate


14:16:59.246 [main] DEBUG com.intuit.karate - response time in milliseconds: 2
1 < 200
1 < Content-Security-Policy: frame-ancestors 'none'
1 < Content-Length: 1733
1 < Content-Type: application/json; charset=UTF-8
[ {
   "description": "",
   "devtoolsFrontendUrl": "/devtools/inspector.html?ws=localhost:51719/devtools/page/B0FEF4E6BDD04B7DA3E4470B20EDEF18",
   "id": "B0FEF4E6BDD04B7DA3E4470B20EDEF18",
   "title": "Google Network Speech",
   "type": "background_page",
   "url": "chrome-extension://neajdppkdcdipfabeoofebfddakdcjhd/_generated_background_page.html",
   "webSocketDebuggerUrl": "ws://localhost:51719/devtools/page/B0FEF4E6BDD04B7DA3E4470B20EDEF18"
}, {
   "description": "",
   "devtoolsFrontendUrl": "/devtools/inspector.html?ws=localhost:51719/devtools/page/E68396CDFE94441E5B7B417C2CF3B4B9",
   "id": "E68396CDFE94441E5B7B417C2CF3B4B9",
   "title": "Google Hangouts",
   "type": "background_page",
   "url": "chrome-extension://nkeimhogjdpnpccoofpliimaahmaaome/background.html",
   "webSocketDebuggerUrl": "ws://localhost:51719/devtools/page/E68396CDFE94441E5B7B417C2CF3B4B9"
}, {
   "description": "",
   "devtoolsFrontendUrl": "/devtools/inspector.html?ws=localhost:51719/devtools/page/DF3DF475C0AB382009E8629E88FFD7F9",
   "id": "DF3DF475C0AB382009E8629E88FFD7F9",
   "title": "Google Hangouts",
   "type": "background_page",
   "url": "chrome-extension://nkeimhogjdpnpccoofpliimaahmaaome/background.html",
   "webSocketDebuggerUrl": "ws://localhost:51719/devtools/page/DF3DF475C0AB382009E8629E88FFD7F9"
}, {
   "description": "",
   "devtoolsFrontendUrl": "/devtools/inspector.html?ws=localhost:51719/devtools/page/453F93EBE0F4F6CE81A81365AB244D90",
   "id": "453F93EBE0F4F6CE81A81365AB244D90",
   "title": "Nueva pestaña de Incógnito",
   "type": "page",
   "url": "chrome://newtab/",
   "webSocketDebuggerUrl": "ws://localhost:51719/devtools/page/453F93EBE0F4F6CE81A81365AB244D90"
} ]

14:16:59.246 [main] DEBUG com.intuit.karate.shell.Command - ready to accept http connections after 6 ms - http://localhost:51719/json
14:16:59.247 [main] DEBUG com.intuit.karate - request:
1 > GET http://localhost:51719/json
1 > Host: localhost:51719
1 > Connection: Keep-Alive
1 > User-Agent: Apache-HttpClient/4.5.13 (Java/17.0.3.1)
1 > Accept-Encoding: gzip,deflate


14:16:59.248 [main] DEBUG com.intuit.karate - response time in milliseconds: 1
1 < 200
1 < Content-Security-Policy: frame-ancestors 'none'
1 < Content-Length: 1733
1 < Content-Type: application/json; charset=UTF-8
[ {
   "description": "",
   "devtoolsFrontendUrl": "/devtools/inspector.html?ws=localhost:51719/devtools/page/B0FEF4E6BDD04B7DA3E4470B20EDEF18",
   "id": "B0FEF4E6BDD04B7DA3E4470B20EDEF18",
   "title": "Google Network Speech",
   "type": "background_page",
   "url": "chrome-extension://neajdppkdcdipfabeoofebfddakdcjhd/_generated_background_page.html",
   "webSocketDebuggerUrl": "ws://localhost:51719/devtools/page/B0FEF4E6BDD04B7DA3E4470B20EDEF18"
}, {
   "description": "",
   "devtoolsFrontendUrl": "/devtools/inspector.html?ws=localhost:51719/devtools/page/E68396CDFE94441E5B7B417C2CF3B4B9",
   "id": "E68396CDFE94441E5B7B417C2CF3B4B9",
   "title": "Google Hangouts",
   "type": "background_page",
   "url": "chrome-extension://nkeimhogjdpnpccoofpliimaahmaaome/background.html",
   "webSocketDebuggerUrl": "ws://localhost:51719/devtools/page/E68396CDFE94441E5B7B417C2CF3B4B9"
}, {
   "description": "",
   "devtoolsFrontendUrl": "/devtools/inspector.html?ws=localhost:51719/devtools/page/DF3DF475C0AB382009E8629E88FFD7F9",
   "id": "DF3DF475C0AB382009E8629E88FFD7F9",
   "title": "Google Hangouts",
   "type": "background_page",
   "url": "chrome-extension://nkeimhogjdpnpccoofpliimaahmaaome/background.html",
   "webSocketDebuggerUrl": "ws://localhost:51719/devtools/page/DF3DF475C0AB382009E8629E88FFD7F9"
}, {
   "description": "",
   "devtoolsFrontendUrl": "/devtools/inspector.html?ws=localhost:51719/devtools/page/453F93EBE0F4F6CE81A81365AB244D90",
   "id": "453F93EBE0F4F6CE81A81365AB244D90",
   "title": "Nueva pestaña de Incógnito",
   "type": "page",
   "url": "chrome://newtab/",
   "webSocketDebuggerUrl": "ws://localhost:51719/devtools/page/453F93EBE0F4F6CE81A81365AB244D90"
} ]

14:16:59.248 [main] DEBUG c.intuit.karate.driver.DriverOptions - root frame id: 453F93EBE0F4F6CE81A81365AB244D90
14:16:59.264 [nioEventLoopGroup-7-1] DEBUG c.i.k.http.WebSocketClientHandler - websocket client connected
14:16:59.264 [main] DEBUG c.intuit.karate.driver.DriverOptions - >> {"id":1,"method":"Target.attachToTarget","params":{"targetId":"453F93EBE0F4F6CE81A81365AB244D90","flatten":true}}
14:16:59.266 [nioEventLoopGroup-7-1] DEBUG c.intuit.karate.driver.DriverOptions - << {"method":"Target.attachedToTarget","params":{"sessionId":"A1CCD0EE465A05D217E1D157C7D3D312","targetInfo":{"targetId":"453F93EBE0F4F6CE81A81365AB244D90","type":"page","title":"Nueva pesta\u00f1a de Inc\u00f3gnito","url":"chrome://newtab/","attached":true,"canAccessOpener":false,"browserContextId":"4858582A56A64D5EFA34C38C422B3884"},"waitingForDebugger":false}}
14:16:59.266 [nioEventLoopGroup-7-1] DEBUG c.intuit.karate.driver.DriverOptions - << {"id":1,"result":{"sessionId":"A1CCD0EE465A05D217E1D157C7D3D312"}}
14:16:59.266 [main] DEBUG c.intuit.karate.driver.DriverOptions - >> {"id":2,"sessionId":"A1CCD0EE465A05D217E1D157C7D3D312","method":"Target.activateTarget","params":{"targetId":"453F93EBE0F4F6CE81A81365AB244D90"}}
14:16:59.267 [nioEventLoopGroup-7-1] DEBUG c.intuit.karate.driver.DriverOptions - << {"id":2,"result":{},"sessionId":"A1CCD0EE465A05D217E1D157C7D3D312"}
14:16:59.267 [main] DEBUG c.intuit.karate.driver.DriverOptions - >> {"id":3,"sessionId":"A1CCD0EE465A05D217E1D157C7D3D312","method":"Page.enable"}
14:16:59.269 [nioEventLoopGroup-7-1] DEBUG c.intuit.karate.driver.DriverOptions - << {"id":3,"result":{},"sessionId":"A1CCD0EE465A05D217E1D157C7D3D312"}
14:16:59.269 [main] DEBUG c.intuit.karate.driver.DriverOptions - >> {"id":4,"sessionId":"A1CCD0EE465A05D217E1D157C7D3D312","method":"Runtime.enable"}
14:16:59.272 [nioEventLoopGroup-7-1] DEBUG c.intuit.karate.driver.DriverOptions - << {"method":"Runtime.executionContextCreated","params":{"context":{"id":1,"origin":"://","name":"","uniqueId":"86724312266712571.-4574327228552088193","auxData":{"isDefault":true,"type":"default","frameId":"453F93EBE0F4F6CE81A81365AB244D90"}}},"sessionId":"A1CCD0EE465A05D217E1D157C7D3D312"}
14:16:59.272 [nioEventLoopGroup-7-1] DEBUG c.intuit.karate.driver.DriverOptions - << {"id":4,"result":{},"sessionId":"A1CCD0EE465A05D217E1D157C7D3D312"}
14:16:59.272 [main] DEBUG c.intuit.karate.driver.DriverOptions - >> {"id":5,"sessionId":"A1CCD0EE465A05D217E1D157C7D3D312","method":"Browser.getWindowForTarget","params":{"targetId":"453F93EBE0F4F6CE81A81365AB244D90"}}
14:16:59.273 [nioEventLoopGroup-7-1] DEBUG c.intuit.karate.driver.DriverOptions - << {"id":5,"result":{"windowId":2093072822,"bounds":{"left":10,"top":10,"width":945,"height":1020,"windowState":"normal"}},"sessionId":"A1CCD0EE465A05D217E1D157C7D3D312"}
14:16:59.296 [main] DEBUG c.intuit.karate.driver.DriverOptions - >> {"id":6,"sessionId":"A1CCD0EE465A05D217E1D157C7D3D312","method":"Page.navigate","params":{"url":"http:\/\/localhost:8080\/login"}}
14:16:59.305 [nioEventLoopGroup-7-1] DEBUG c.intuit.karate.driver.DriverOptions - << {"method":"Page.frameStartedLoading","params":{"frameId":"453F93EBE0F4F6CE81A81365AB244D90"},"sessionId":"A1CCD0EE465A05D217E1D157C7D3D312"}
14:16:59.388 [nioEventLoopGroup-7-1] DEBUG c.intuit.karate.driver.DriverOptions - << {"id":6,"result":{"frameId":"453F93EBE0F4F6CE81A81365AB244D90","loaderId":"94A8496543AE0C69F777F7F180A5D387"},"sessionId":"A1CCD0EE465A05D217E1D157C7D3D312"}
14:16:59.388 [nioEventLoopGroup-7-1] DEBUG c.intuit.karate.driver.DriverOptions - << {"method":"Runtime.executionContextsCleared","params":{},"sessionId":"A1CCD0EE465A05D217E1D157C7D3D312"}
14:16:59.403 [chrome_1710249418972-out] DEBUG c.i.k.driver.chrome_1710249418972 - [17048:1720:0312/141659.403:ERROR:interface_endpoint_client.cc(707)] Message 0 rejected by interface blink.mojom.WidgetHost
14:16:59.405 [nioEventLoopGroup-7-1] DEBUG c.intuit.karate.driver.DriverOptions - << {"method":"Runtime.executionContextsCleared","params":{},"sessionId":"A1CCD0EE465A05D217E1D157C7D3D312"}
14:16:59.405 [nioEventLoopGroup-7-1] DEBUG c.intuit.karate.driver.DriverOptions - << {"method":"Page.frameNavigated","params":{"frame":{"id":"453F93EBE0F4F6CE81A81365AB244D90","loaderId":"94A8496543AE0C69F777F7F180A5D387","url":"http://localhost:8080/login","domainAndRegistry":"","securityOrigin":"http://localhost:8080","mimeType":"text/html","adFrameStatus":{"adFrameType":"none"},"secureContextType":"SecureLocalhost","crossOriginIsolatedContextType":"NotIsolated","gatedAPIFeatures":[]},"type":"Navigation"},"sessionId":"A1CCD0EE465A05D217E1D157C7D3D312"}
14:16:59.405 [nioEventLoopGroup-7-1] DEBUG c.intuit.karate.driver.DriverOptions - << {"method":"Runtime.executionContextCreated","params":{"context":{"id":1,"origin":"http://localhost:8080","name":"","uniqueId":"-5794715551260605617.-2842203077033313320","auxData":{"isDefault":true,"type":"default","frameId":"453F93EBE0F4F6CE81A81365AB244D90"}}},"sessionId":"A1CCD0EE465A05D217E1D157C7D3D312"}
14:16:59.485 [nioEventLoopGroup-7-1] DEBUG c.intuit.karate.driver.DriverOptions - << {"method":"Page.domContentEventFired","params":{"timestamp":2924.225817},"sessionId":"A1CCD0EE465A05D217E1D157C7D3D312"}
14:16:59.485 [nioEventLoopGroup-7-1] DEBUG c.intuit.karate.driver.DriverOptions - << {"method":"Page.loadEventFired","params":{"timestamp":2924.227349},"sessionId":"A1CCD0EE465A05D217E1D157C7D3D312"}
14:16:59.486 [nioEventLoopGroup-7-1] DEBUG c.intuit.karate.driver.DriverOptions - << {"method":"Page.frameStoppedLoading","params":{"frameId":"453F93EBE0F4F6CE81A81365AB244D90"},"sessionId":"A1CCD0EE465A05D217E1D157C7D3D312"}
14:16:59.486 [main] DEBUG c.intuit.karate.driver.DriverOptions - >> {"id":7,"sessionId":"A1CCD0EE465A05D217E1D157C7D3D312","method":"Runtime.evaluate","params":{"expression":"var e = document.querySelector(\"#username\"); e.focus(); try { e.selectionStart = e.selectionEnd = e.value.length } catch(x) {}","returnByValue":true}}
14:16:59.489 [nioEventLoopGroup-7-1] DEBUG c.intuit.karate.driver.DriverOptions - << {"id":7,"result":{"result":{"type":"number","value":0,"description":"0"}},"sessionId":"A1CCD0EE465A05D217E1D157C7D3D312"}
14:16:59.489 [main] DEBUG c.intuit.karate.driver.DriverOptions - >> {"id":8,"sessionId":"A1CCD0EE465A05D217E1D157C7D3D312","method":"Input.dispatchKeyEvent","params":{"modifiers":0,"type":"rawKeyDown","text":"a","windowsVirtualKeyCode":65}}
14:16:59.491 [nioEventLoopGroup-7-1] DEBUG c.intuit.karate.driver.DriverOptions - << {"id":8,"result":{},"sessionId":"A1CCD0EE465A05D217E1D157C7D3D312"}
14:16:59.491 [main] DEBUG c.intuit.karate.driver.DriverOptions - >> {"id":9,"sessionId":"A1CCD0EE465A05D217E1D157C7D3D312","method":"Input.dispatchKeyEvent","params":{"modifiers":0,"type":"char","text":"a","windowsVirtualKeyCode":65}}
14:16:59.493 [nioEventLoopGroup-7-1] DEBUG c.intuit.karate.driver.DriverOptions - << {"id":9,"result":{},"sessionId":"A1CCD0EE465A05D217E1D157C7D3D312"}
14:16:59.493 [main] DEBUG c.intuit.karate.driver.DriverOptions - >> {"id":10,"sessionId":"A1CCD0EE465A05D217E1D157C7D3D312","method":"Input.dispatchKeyEvent","params":{"modifiers":0,"type":"keyUp","text":"a","windowsVirtualKeyCode":65}}
14:16:59.494 [nioEventLoopGroup-7-1] DEBUG c.intuit.karate.driver.DriverOptions - << {"id":10,"result":{},"sessionId":"A1CCD0EE465A05D217E1D157C7D3D312"}
14:16:59.495 [main] DEBUG c.intuit.karate.driver.DriverOptions - >> {"id":11,"sessionId":"A1CCD0EE465A05D217E1D157C7D3D312","method":"Runtime.evaluate","params":{"expression":"var e = document.querySelector(\"#password\"); e.focus(); try { e.selectionStart = e.selectionEnd = e.value.length } catch(x) {}","returnByValue":true}}
14:16:59.496 [nioEventLoopGroup-7-1] DEBUG c.intuit.karate.driver.DriverOptions - << {"id":11,"result":{"result":{"type":"number","value":0,"description":"0"}},"sessionId":"A1CCD0EE465A05D217E1D157C7D3D312"}
14:16:59.496 [main] DEBUG c.intuit.karate.driver.DriverOptions - >> {"id":12,"sessionId":"A1CCD0EE465A05D217E1D157C7D3D312","method":"Input.dispatchKeyEvent","params":{"modifiers":0,"type":"rawKeyDown","text":"a","windowsVirtualKeyCode":65}}
14:16:59.498 [nioEventLoopGroup-7-1] DEBUG c.intuit.karate.driver.DriverOptions - << {"id":12,"result":{},"sessionId":"A1CCD0EE465A05D217E1D157C7D3D312"}
14:16:59.498 [main] DEBUG c.intuit.karate.driver.DriverOptions - >> {"id":13,"sessionId":"A1CCD0EE465A05D217E1D157C7D3D312","method":"Input.dispatchKeyEvent","params":{"modifiers":0,"type":"char","text":"a","windowsVirtualKeyCode":65}}
14:16:59.500 [nioEventLoopGroup-7-1] DEBUG c.intuit.karate.driver.DriverOptions - << {"id":13,"result":{},"sessionId":"A1CCD0EE465A05D217E1D157C7D3D312"}
14:16:59.500 [main] DEBUG c.intuit.karate.driver.DriverOptions - >> {"id":14,"sessionId":"A1CCD0EE465A05D217E1D157C7D3D312","method":"Input.dispatchKeyEvent","params":{"modifiers":0,"type":"keyUp","text":"a","windowsVirtualKeyCode":65}}
14:16:59.501 [nioEventLoopGroup-7-1] DEBUG c.intuit.karate.driver.DriverOptions - << {"id":14,"result":{},"sessionId":"A1CCD0EE465A05D217E1D157C7D3D312"}
14:16:59.502 [main] DEBUG c.intuit.karate.driver.DriverOptions - >> {"id":15,"sessionId":"A1CCD0EE465A05D217E1D157C7D3D312","method":"Input.dispatchKeyEvent","params":{"modifiers":0,"type":"rawKeyDown","text":"a","windowsVirtualKeyCode":65}}
14:16:59.503 [nioEventLoopGroup-7-1] DEBUG c.intuit.karate.driver.DriverOptions - << {"id":15,"result":{},"sessionId":"A1CCD0EE465A05D217E1D157C7D3D312"}
14:16:59.503 [main] DEBUG c.intuit.karate.driver.DriverOptions - >> {"id":16,"sessionId":"A1CCD0EE465A05D217E1D157C7D3D312","method":"Input.dispatchKeyEvent","params":{"modifiers":0,"type":"char","text":"a","windowsVirtualKeyCode":65}}
14:16:59.504 [nioEventLoopGroup-7-1] DEBUG c.intuit.karate.driver.DriverOptions - << {"id":16,"result":{},"sessionId":"A1CCD0EE465A05D217E1D157C7D3D312"}
14:16:59.505 [main] DEBUG c.intuit.karate.driver.DriverOptions - >> {"id":17,"sessionId":"A1CCD0EE465A05D217E1D157C7D3D312","method":"Input.dispatchKeyEvent","params":{"modifiers":0,"type":"keyUp","text":"a","windowsVirtualKeyCode":65}}
14:16:59.505 [nioEventLoopGroup-7-1] DEBUG c.intuit.karate.driver.DriverOptions - << {"id":17,"result":{},"sessionId":"A1CCD0EE465A05D217E1D157C7D3D312"}
14:16:59.507 [main] DEBUG c.intuit.karate.driver.DriverOptions - >> {"id":18,"sessionId":"A1CCD0EE465A05D217E1D157C7D3D312","method":"Runtime.evaluate","params":{"expression":"document.querySelector(\".form-signin button\").click()","returnByValue":true}}
14:16:59.508 [nioEventLoopGroup-7-1] DEBUG c.intuit.karate.driver.DriverOptions - << {"id":18,"result":{"result":{"type":"undefined"}},"sessionId":"A1CCD0EE465A05D217E1D157C7D3D312"}
14:16:59.508 [nioEventLoopGroup-7-1] DEBUG c.intuit.karate.driver.DriverOptions - << {"method":"Page.frameScheduledNavigation","params":{"frameId":"453F93EBE0F4F6CE81A81365AB244D90","delay":0,"reason":"formSubmissionPost","url":"http://localhost:8080/login"},"sessionId":"A1CCD0EE465A05D217E1D157C7D3D312"}
14:16:59.508 [nioEventLoopGroup-7-1] DEBUG c.intuit.karate.driver.DriverOptions - << {"method":"Page.frameRequestedNavigation","params":{"frameId":"453F93EBE0F4F6CE81A81365AB244D90","reason":"formSubmissionPost","url":"http://localhost:8080/login","disposition":"currentTab"},"sessionId":"A1CCD0EE465A05D217E1D157C7D3D312"}
14:16:59.509 [nioEventLoopGroup-7-1] DEBUG c.intuit.karate.driver.DriverOptions - << {"method":"Page.frameStartedLoading","params":{"frameId":"453F93EBE0F4F6CE81A81365AB244D90"},"sessionId":"A1CCD0EE465A05D217E1D157C7D3D312"}
14:16:59.510 [nioEventLoopGroup-7-1] DEBUG c.intuit.karate.driver.DriverOptions - << {"method":"Page.frameClearedScheduledNavigation","params":{"frameId":"453F93EBE0F4F6CE81A81365AB244D90"},"sessionId":"A1CCD0EE465A05D217E1D157C7D3D312"}
14:16:59.605 [nioEventLoopGroup-7-1] DEBUG c.intuit.karate.driver.DriverOptions - << {"method":"Runtime.executionContextsCleared","params":{},"sessionId":"A1CCD0EE465A05D217E1D157C7D3D312"}
14:16:59.605 [nioEventLoopGroup-7-1] DEBUG c.intuit.karate.driver.DriverOptions - << {"method":"Page.frameNavigated","params":{"frame":{"id":"453F93EBE0F4F6CE81A81365AB244D90","loaderId":"205F2A49A3859C4F2FEDB2D0692A51B6","url":"http://localhost:8080/admin/","domainAndRegistry":"","securityOrigin":"http://localhost:8080","mimeType":"text/html","adFrameStatus":{"adFrameType":"none"},"secureContextType":"SecureLocalhost","crossOriginIsolatedContextType":"NotIsolated","gatedAPIFeatures":[]},"type":"Navigation"},"sessionId":"A1CCD0EE465A05D217E1D157C7D3D312"}
14:16:59.605 [nioEventLoopGroup-7-1] DEBUG c.intuit.karate.driver.DriverOptions - << {"method":"Runtime.executionContextCreated","params":{"context":{"id":2,"origin":"http://localhost:8080","name":"","uniqueId":"-3310627114253083760.-7385564868971463940","auxData":{"isDefault":true,"type":"default","frameId":"453F93EBE0F4F6CE81A81365AB244D90"}}},"sessionId":"A1CCD0EE465A05D217E1D157C7D3D312"}
14:16:59.619 [nioEventLoopGroup-7-1] DEBUG c.intuit.karate.driver.DriverOptions - << {"method":"Runtime.consoleAPICalled","params":{"type":"log","args":[{"type":"string","value":"Opening Web Socket..."}],"executionContextId":2,"timestamp":1.710249419619315e+12,"stackTrace":{"callFrames":[{"functionName":"Client.debug","scriptId":"12","url":"http://localhost:8080/js/stomp.js","lineNumber":173,"columnNumber":107},{"functionName":"Client._connect","scriptId":"12","url":"http://localhost:8080/js/stomp.js","lineNumber":291,"columnNumber":21},{"functionName":"Client.connect","scriptId":"12","url":"http://localhost:8080/js/stomp.js","lineNumber":278,"columnNumber":24},{"functionName":"initialize","scriptId":"11","url":"http://localhost:8080/js/iw.js","lineNumber":35,"columnNumber":27},{"functionName":"","scriptId":"11","url":"http://localhost:8080/js/iw.js","lineNumber":199,"columnNumber":11}]}},"sessionId":"A1CCD0EE465A05D217E1D157C7D3D312"}
14:16:59.620 [nioEventLoopGroup-7-1] DEBUG c.intuit.karate.driver.DriverOptions - [console] Opening Web Socket...
14:16:59.620 [nioEventLoopGroup-7-1] DEBUG c.intuit.karate.driver.DriverOptions - << {"method":"Runtime.consoleAPICalled","params":{"type":"log","args":[{"type":"string","value":"Connected to WS 'ws://localhost:8080/ws'"}],"executionContextId":2,"timestamp":1.710249419619827e+12,"stackTrace":{"callFrames":[{"functionName":"initialize","scriptId":"11","url":"http://localhost:8080/js/iw.js","lineNumber":44,"columnNumber":20},{"functionName":"","scriptId":"11","url":"http://localhost:8080/js/iw.js","lineNumber":199,"columnNumber":11}]}},"sessionId":"A1CCD0EE465A05D217E1D157C7D3D312"}
14:16:59.620 [nioEventLoopGroup-7-1] DEBUG c.intuit.karate.driver.DriverOptions - [console] Connected to WS 'ws://localhost:8080/ws'
14:16:59.620 [nioEventLoopGroup-7-1] DEBUG c.intuit.karate.driver.DriverOptions - << {"method":"Runtime.consoleAPICalled","params":{"type":"log","args":[{"type":"string","value":"sending"},{"type":"string","value":"//localhost:8080/user/unread"},{"type":"object","className":"Object","description":"Object","objectId":"5153823937623634048.2.1","preview":{"type":"object","description":"Object","overflow":false,"properties":[{"name":"method","type":"string","value":"GET"},{"name":"headers","type":"object","value":"Object"}]}}],"executionContextId":2,"timestamp":1.710249419620054e+12,"stackTrace":{"callFrames":[{"functionName":"go","scriptId":"11","url":"http://localhost:8080/js/iw.js","lineNumber":94,"columnNumber":12},{"functionName":"","scriptId":"11","url":"http://localhost:8080/js/iw.js","lineNumber":203,"columnNumber":12}]}},"sessionId":"A1CCD0EE465A05D217E1D157C7D3D312"}
14:16:59.620 [nioEventLoopGroup-7-1] DEBUG c.intuit.karate.driver.DriverOptions - [console] sending
14:16:59.620 [nioEventLoopGroup-7-1] DEBUG c.intuit.karate.driver.DriverOptions - [console] //localhost:8080/user/unread
14:16:59.723 [nioEventLoopGroup-7-1] DEBUG c.intuit.karate.driver.DriverOptions - << {"method":"Page.domContentEventFired","params":{"timestamp":2924.362744},"sessionId":"A1CCD0EE465A05D217E1D157C7D3D312"}
14:16:59.723 [nioEventLoopGroup-7-1] DEBUG c.intuit.karate.driver.DriverOptions - << {"method":"Page.loadEventFired","params":{"timestamp":2924.364754},"sessionId":"A1CCD0EE465A05D217E1D157C7D3D312"}
14:16:59.723 [nioEventLoopGroup-7-1] DEBUG c.intuit.karate.driver.DriverOptions - << {"method":"Page.frameStoppedLoading","params":{"frameId":"453F93EBE0F4F6CE81A81365AB244D90"},"sessionId":"A1CCD0EE465A05D217E1D157C7D3D312"}
14:16:59.724 [main] DEBUG c.intuit.karate.driver.DriverOptions - >> {"id":19,"sessionId":"A1CCD0EE465A05D217E1D157C7D3D312","method":"Runtime.evaluate","params":{"expression":"document.location.href","returnByValue":true}}
14:16:59.727 [nioEventLoopGroup-7-1] DEBUG c.intuit.karate.driver.DriverOptions - << {"id":19,"result":{"result":{"type":"string","value":"http://localhost:8080/admin/"}},"sessionId":"A1CCD0EE465A05D217E1D157C7D3D312"}
14:16:59.727 [nioEventLoopGroup-7-1] DEBUG c.intuit.karate.driver.DriverOptions - << {"method":"Runtime.consoleAPICalled","params":{"type":"log","args":[{"type":"string","value":"Web Socket Opened..."}],"executionContextId":2,"timestamp":1.710249419727259e+12,"stackTrace":{"callFrames":[{"functionName":"Client.debug","scriptId":"12","url":"http://localhost:8080/js/stomp.js","lineNumber":173,"columnNumber":107},{"functionName":"","scriptId":"12","url":"http://localhost:8080/js/stomp.js","lineNumber":441,"columnNumber":30}]}},"sessionId":"A1CCD0EE465A05D217E1D157C7D3D312"}
14:16:59.727 [nioEventLoopGroup-7-1] DEBUG c.intuit.karate.driver.DriverOptions - [console] Web Socket Opened...
14:16:59.728 [nioEventLoopGroup-7-1] DEBUG c.intuit.karate.driver.DriverOptions - << {"method":"Runtime.consoleAPICalled","params":{"type":"log","args":[{"type":"string","value":">>> CONNECT\nX-CSRF-TOKEN:a5684996-fa1f-4bab-aed6-c0221ceba5bd\naccept-version:1.2,1.1,1.0\nheart-beat:10000,10000\n\n\u0000"}],"executionContextId":2,"timestamp":1.710249419727521e+12,"stackTrace":{"callFrames":[{"functionName":"Client.debug","scriptId":"12","url":"http://localhost:8080/js/stomp.js","lineNumber":173,"columnNumber":107},{"functionName":"Client._transmit","scriptId":"12","url":"http://localhost:8080/js/stomp.js","lineNumber":188,"columnNumber":21},{"functionName":"","scriptId":"12","url":"http://localhost:8080/js/stomp.js","lineNumber":445,"columnNumber":33}]}},"sessionId":"A1CCD0EE465A05D217E1D157C7D3D312"}
14:16:59.728 [nioEventLoopGroup-7-1] DEBUG c.intuit.karate.driver.DriverOptions - [console] >>> CONNECT
X-CSRF-TOKEN:a5684996-fa1f-4bab-aed6-c0221ceba5bd
accept-version:1.2,1.1,1.0
heart-beat:10000,10000

&amp#0;
14:16:59.731 [nioEventLoopGroup-7-1] DEBUG c.intuit.karate.driver.DriverOptions - << {"method":"Runtime.consoleAPICalled","params":{"type":"log","args":[{"type":"string","value":"<<< CONNECTED\nversion:1.2\nheart-beat:0,0\nuser-name:a\n\n\u0000"}],"executionContextId":2,"timestamp":1.710249419731175e+12,"stackTrace":{"callFrames":[{"functionName":"Client.debug","scriptId":"12","url":"http://localhost:8080/js/stomp.js","lineNumber":173,"columnNumber":107},{"functionName":"","scriptId":"12","url":"http://localhost:8080/js/stomp.js","lineNumber":339,"columnNumber":30}]}},"sessionId":"A1CCD0EE465A05D217E1D157C7D3D312"}
14:16:59.732 [nioEventLoopGroup-7-1] DEBUG c.intuit.karate.driver.DriverOptions - [console] <<< CONNECTED
version:1.2
heart-beat:0,0
user-name:a

&amp#0;
14:16:59.732 [nioEventLoopGroup-7-1] DEBUG c.intuit.karate.driver.DriverOptions - << {"method":"Runtime.consoleAPICalled","params":{"type":"log","args":[{"type":"string","value":"connected to server undefined"}],"executionContextId":2,"timestamp":1.710249419731701e+12,"stackTrace":{"callFrames":[{"functionName":"Client.debug","scriptId":"12","url":"http://localhost:8080/js/stomp.js","lineNumber":173,"columnNumber":107},{"functionName":"","scriptId":"12","url":"http://localhost:8080/js/stomp.js","lineNumber":349,"columnNumber":42}]}},"sessionId":"A1CCD0EE465A05D217E1D157C7D3D312"}
14:16:59.732 [nioEventLoopGroup-7-1] DEBUG c.intuit.karate.driver.DriverOptions - [console] connected to server undefined
14:16:59.732 [nioEventLoopGroup-7-1] DEBUG c.intuit.karate.driver.DriverOptions - << {"method":"Runtime.consoleAPICalled","params":{"type":"log","args":[{"type":"string","value":"Connected to "},{"type":"string","value":"ws://localhost:8080/ws"},{"type":"string","value":" - subscribing:"}],"executionContextId":2,"timestamp":1.710249419731913e+12,"stackTrace":{"callFrames":[{"functionName":"","scriptId":"11","url":"http://localhost:8080/js/iw.js","lineNumber":37,"columnNumber":24},{"functionName":"","scriptId":"12","url":"http://localhost:8080/js/stomp.js","lineNumber":362,"columnNumber":42}]}},"sessionId":"A1CCD0EE465A05D217E1D157C7D3D312"}
14:16:59.732 [nioEventLoopGroup-7-1] DEBUG c.intuit.karate.driver.DriverOptions - [console] Connected to 
14:16:59.732 [nioEventLoopGroup-7-1] DEBUG c.intuit.karate.driver.DriverOptions - [console] ws://localhost:8080/ws
14:16:59.732 [nioEventLoopGroup-7-1] DEBUG c.intuit.karate.driver.DriverOptions - [console]  - subscribing:
14:16:59.732 [nioEventLoopGroup-7-1] DEBUG c.intuit.karate.driver.DriverOptions - << {"method":"Runtime.consoleAPICalled","params":{"type":"log","args":[{"type":"string","value":" ... to /user/queue/updates ..."}],"executionContextId":2,"timestamp":1.710249419731979e+12,"stackTrace":{"callFrames":[{"functionName":"","scriptId":"11","url":"http://localhost:8080/js/iw.js","lineNumber":40,"columnNumber":28},{"functionName":"","scriptId":"12","url":"http://localhost:8080/js/stomp.js","lineNumber":362,"columnNumber":42}]}},"sessionId":"A1CCD0EE465A05D217E1D157C7D3D312"}
14:16:59.732 [nioEventLoopGroup-7-1] DEBUG c.intuit.karate.driver.DriverOptions - [console]  ... to /user/queue/updates ...
14:16:59.733 [nioEventLoopGroup-7-1] DEBUG c.intuit.karate.driver.DriverOptions - << {"method":"Runtime.consoleAPICalled","params":{"type":"log","args":[{"type":"string","value":">>> SUBSCRIBE\nid:sub-0\ndestination:/user/queue/updates\n\n\u0000"}],"executionContextId":2,"timestamp":1.710249419732201e+12,"stackTrace":{"callFrames":[{"functionName":"Client.debug","scriptId":"12","url":"http://localhost:8080/js/stomp.js","lineNumber":173,"columnNumber":107},{"functionName":"Client._transmit","scriptId":"12","url":"http://localhost:8080/js/stomp.js","lineNumber":188,"columnNumber":21},{"functionName":"Client.subscribe","scriptId":"12","url":"http://localhost:8080/js/stomp.js","lineNumber":532,"columnNumber":17},{"functionName":"subscribe","scriptId":"11","url":"http://localhost:8080/js/iw.js","lineNumber":52,"columnNumber":27},{"functionName":"","scriptId":"11","url":"http://localhost:8080/js/iw.js","lineNumber":41,"columnNumber":23},{"functionName":"","scriptId":"12","url":"http://localhost:8080/js/stomp.js","lineNumber":362,"columnNumber":42}]}},"sessionId":"A1CCD0EE465A05D217E1D157C7D3D312"}
14:16:59.733 [nioEventLoopGroup-7-1] DEBUG c.intuit.karate.driver.DriverOptions - [console] >>> SUBSCRIBE
id:sub-0
destination:/user/queue/updates

&amp#0;
14:16:59.733 [nioEventLoopGroup-7-1] DEBUG c.intuit.karate.driver.DriverOptions - << {"method":"Runtime.consoleAPICalled","params":{"type":"log","args":[{"type":"string","value":"Hopefully subscribed to /user/queue/updates"}],"executionContextId":2,"timestamp":1.710249419732352e+12,"stackTrace":{"callFrames":[{"functionName":"subscribe","scriptId":"11","url":"http://localhost:8080/js/iw.js","lineNumber":54,"columnNumber":20},{"functionName":"","scriptId":"11","url":"http://localhost:8080/js/iw.js","lineNumber":41,"columnNumber":23},{"functionName":"","scriptId":"12","url":"http://localhost:8080/js/stomp.js","lineNumber":362,"columnNumber":42}]}},"sessionId":"A1CCD0EE465A05D217E1D157C7D3D312"}
14:16:59.733 [nioEventLoopGroup-7-1] DEBUG c.intuit.karate.driver.DriverOptions - [console] Hopefully subscribed to /user/queue/updates
14:16:59.733 [nioEventLoopGroup-7-1] DEBUG c.intuit.karate.driver.DriverOptions - << {"method":"Runtime.consoleAPICalled","params":{"type":"log","args":[{"type":"string","value":" ... to /topic/admin ..."}],"executionContextId":2,"timestamp":1.710249419732429e+12,"stackTrace":{"callFrames":[{"functionName":"","scriptId":"11","url":"http://localhost:8080/js/iw.js","lineNumber":40,"columnNumber":28},{"functionName":"","scriptId":"12","url":"http://localhost:8080/js/stomp.js","lineNumber":362,"columnNumber":42}]}},"sessionId":"A1CCD0EE465A05D217E1D157C7D3D312"}
14:16:59.733 [nioEventLoopGroup-7-1] DEBUG c.intuit.karate.driver.DriverOptions - [console]  ... to /topic/admin ...
14:16:59.733 [nioEventLoopGroup-7-1] DEBUG c.intuit.karate.driver.DriverOptions - << {"method":"Runtime.consoleAPICalled","params":{"type":"log","args":[{"type":"string","value":">>> SUBSCRIBE\nid:sub-1\ndestination:/topic/admin\n\n\u0000"}],"executionContextId":2,"timestamp":1.710249419732518e+12,"stackTrace":{"callFrames":[{"functionName":"Client.debug","scriptId":"12","url":"http://localhost:8080/js/stomp.js","lineNumber":173,"columnNumber":107},{"functionName":"Client._transmit","scriptId":"12","url":"http://localhost:8080/js/stomp.js","lineNumber":188,"columnNumber":21},{"functionName":"Client.subscribe","scriptId":"12","url":"http://localhost:8080/js/stomp.js","lineNumber":532,"columnNumber":17},{"functionName":"subscribe","scriptId":"11","url":"http://localhost:8080/js/iw.js","lineNumber":52,"columnNumber":27},{"functionName":"","scriptId":"11","url":"http://localhost:8080/js/iw.js","lineNumber":41,"columnNumber":23},{"functionName":"","scriptId":"12","url":"http://localhost:8080/js/stomp.js","lineNumber":362,"columnNumber":42}]}},"sessionId":"A1CCD0EE465A05D217E1D157C7D3D312"}
14:16:59.733 [nioEventLoopGroup-7-1] DEBUG c.intuit.karate.driver.DriverOptions - [console] >>> SUBSCRIBE
id:sub-1
destination:/topic/admin

&amp#0;
14:16:59.733 [nioEventLoopGroup-7-1] DEBUG c.intuit.karate.driver.DriverOptions - << {"method":"Runtime.consoleAPICalled","params":{"type":"log","args":[{"type":"string","value":"Hopefully subscribed to /topic/admin"}],"executionContextId":2,"timestamp":1.710249419732608e+12,"stackTrace":{"callFrames":[{"functionName":"subscribe","scriptId":"11","url":"http://localhost:8080/js/iw.js","lineNumber":54,"columnNumber":20},{"functionName":"","scriptId":"11","url":"http://localhost:8080/js/iw.js","lineNumber":41,"columnNumber":23},{"functionName":"","scriptId":"12","url":"http://localhost:8080/js/stomp.js","lineNumber":362,"columnNumber":42}]}},"sessionId":"A1CCD0EE465A05D217E1D157C7D3D312"}
14:16:59.733 [nioEventLoopGroup-7-1] DEBUG c.intuit.karate.driver.DriverOptions - [console] Hopefully subscribed to /topic/admin
14:16:59.742 [main] DEBUG c.intuit.karate.driver.DriverOptions - >> {"id":20,"sessionId":"A1CCD0EE465A05D217E1D157C7D3D312","method":"Page.navigate","params":{"url":"http:\/\/localhost:8080\/user\/2"}}
14:16:59.743 [nioEventLoopGroup-7-1] DEBUG c.intuit.karate.driver.DriverOptions - << {"method":"Page.frameStartedLoading","params":{"frameId":"453F93EBE0F4F6CE81A81365AB244D90"},"sessionId":"A1CCD0EE465A05D217E1D157C7D3D312"}
14:16:59.759 [nioEventLoopGroup-7-1] DEBUG c.intuit.karate.driver.DriverOptions - << {"id":20,"result":{"frameId":"453F93EBE0F4F6CE81A81365AB244D90","loaderId":"A6A611ACDFB84535C0957F10E2A36359"},"sessionId":"A1CCD0EE465A05D217E1D157C7D3D312"}
14:16:59.765 [nioEventLoopGroup-7-1] DEBUG c.intuit.karate.driver.DriverOptions - << {"method":"Runtime.executionContextsCleared","params":{},"sessionId":"A1CCD0EE465A05D217E1D157C7D3D312"}
14:16:59.765 [nioEventLoopGroup-7-1] DEBUG c.intuit.karate.driver.DriverOptions - << {"method":"Page.frameNavigated","params":{"frame":{"id":"453F93EBE0F4F6CE81A81365AB244D90","loaderId":"A6A611ACDFB84535C0957F10E2A36359","url":"http://localhost:8080/user/2","domainAndRegistry":"","securityOrigin":"http://localhost:8080","mimeType":"text/html","adFrameStatus":{"adFrameType":"none"},"secureContextType":"SecureLocalhost","crossOriginIsolatedContextType":"NotIsolated","gatedAPIFeatures":[]},"type":"Navigation"},"sessionId":"A1CCD0EE465A05D217E1D157C7D3D312"}
14:16:59.766 [nioEventLoopGroup-7-1] DEBUG c.intuit.karate.driver.DriverOptions - << {"method":"Runtime.executionContextCreated","params":{"context":{"id":3,"origin":"http://localhost:8080","name":"","uniqueId":"5573236327943254641.5763763522086099042","auxData":{"isDefault":true,"type":"default","frameId":"453F93EBE0F4F6CE81A81365AB244D90"}}},"sessionId":"A1CCD0EE465A05D217E1D157C7D3D312"}
14:16:59.778 [nioEventLoopGroup-7-1] DEBUG c.intuit.karate.driver.DriverOptions - << {"method":"Runtime.exceptionThrown","params":{"timestamp":1.71024941977764e+12,"exceptionDetails":{"exceptionId":1,"text":"Uncaught","lineNumber":5,"columnNumber":20,"scriptId":"18","url":"http://localhost:8080/js/mdInclude.js","stackTrace":{"callFrames":[{"functionName":"","scriptId":"18","url":"http://localhost:8080/js/mdInclude.js","lineNumber":5,"columnNumber":20}]},"exception":{"type":"object","subtype":"error","className":"ReferenceError","description":"ReferenceError: marked is not defined\n    at http://localhost:8080/js/mdInclude.js:6:21","objectId":"5153823937623634048.3.1","preview":{"type":"object","subtype":"error","description":"ReferenceError: marked is not defined\n    at http://localhost:8080/js/mdInclude.js:6:21","overflow":false,"properties":[{"name":"stack","type":"string","value":"ReferenceError: marked is not defined\n    at http://localhost:8080/js/mdInclude.js:6:21"},{"name":"message","type":"string","value":"marked is not defined"}]}},"executionContextId":3}},"sessionId":"A1CCD0EE465A ...
14:16:59.778 [nioEventLoopGroup-7-1] DEBUG c.intuit.karate.driver.DriverOptions - << {"method":"Runtime.consoleAPICalled","params":{"type":"log","args":[{"type":"string","value":"Opening Web Socket..."}],"executionContextId":3,"timestamp":1.710249419777878e+12,"stackTrace":{"callFrames":[{"functionName":"Client.debug","scriptId":"12","url":"http://localhost:8080/js/stomp.js","lineNumber":173,"columnNumber":107},{"functionName":"Client._connect","scriptId":"12","url":"http://localhost:8080/js/stomp.js","lineNumber":291,"columnNumber":21},{"functionName":"Client.connect","scriptId":"12","url":"http://localhost:8080/js/stomp.js","lineNumber":278,"columnNumber":24},{"functionName":"initialize","scriptId":"11","url":"http://localhost:8080/js/iw.js","lineNumber":35,"columnNumber":27},{"functionName":"","scriptId":"11","url":"http://localhost:8080/js/iw.js","lineNumber":199,"columnNumber":11}]}},"sessionId":"A1CCD0EE465A05D217E1D157C7D3D312"}
14:16:59.778 [nioEventLoopGroup-7-1] DEBUG c.intuit.karate.driver.DriverOptions - [console] Opening Web Socket...
14:16:59.779 [nioEventLoopGroup-7-1] DEBUG c.intuit.karate.driver.DriverOptions - << {"method":"Runtime.consoleAPICalled","params":{"type":"log","args":[{"type":"string","value":"Connected to WS 'ws://localhost:8080/ws'"}],"executionContextId":3,"timestamp":1.710249419778085e+12,"stackTrace":{"callFrames":[{"functionName":"initialize","scriptId":"11","url":"http://localhost:8080/js/iw.js","lineNumber":44,"columnNumber":20},{"functionName":"","scriptId":"11","url":"http://localhost:8080/js/iw.js","lineNumber":199,"columnNumber":11}]}},"sessionId":"A1CCD0EE465A05D217E1D157C7D3D312"}
14:16:59.779 [nioEventLoopGroup-7-1] DEBUG c.intuit.karate.driver.DriverOptions - [console] Connected to WS 'ws://localhost:8080/ws'
14:16:59.779 [nioEventLoopGroup-7-1] DEBUG c.intuit.karate.driver.DriverOptions - << {"method":"Runtime.consoleAPICalled","params":{"type":"log","args":[{"type":"string","value":"sending"},{"type":"string","value":"//localhost:8080/user/unread"},{"type":"object","className":"Object","description":"Object","objectId":"5153823937623634048.3.2","preview":{"type":"object","description":"Object","overflow":false,"properties":[{"name":"method","type":"string","value":"GET"},{"name":"headers","type":"object","value":"Object"}]}}],"executionContextId":3,"timestamp":1.710249419778163e+12,"stackTrace":{"callFrames":[{"functionName":"go","scriptId":"11","url":"http://localhost:8080/js/iw.js","lineNumber":94,"columnNumber":12},{"functionName":"","scriptId":"11","url":"http://localhost:8080/js/iw.js","lineNumber":203,"columnNumber":12}]}},"sessionId":"A1CCD0EE465A05D217E1D157C7D3D312"}
14:16:59.779 [nioEventLoopGroup-7-1] DEBUG c.intuit.karate.driver.DriverOptions - [console] sending
14:16:59.779 [nioEventLoopGroup-7-1] DEBUG c.intuit.karate.driver.DriverOptions - [console] //localhost:8080/user/unread
14:16:59.780 [nioEventLoopGroup-7-1] DEBUG c.intuit.karate.driver.DriverOptions - << {"method":"Page.domContentEventFired","params":{"timestamp":2924.520661},"sessionId":"A1CCD0EE465A05D217E1D157C7D3D312"}
14:16:59.780 [nioEventLoopGroup-7-1] DEBUG c.intuit.karate.driver.DriverOptions - << {"method":"Page.loadEventFired","params":{"timestamp":2924.521417},"sessionId":"A1CCD0EE465A05D217E1D157C7D3D312"}
14:16:59.780 [nioEventLoopGroup-7-1] DEBUG c.intuit.karate.driver.DriverOptions - << {"method":"Page.frameStoppedLoading","params":{"frameId":"453F93EBE0F4F6CE81A81365AB244D90"},"sessionId":"A1CCD0EE465A05D217E1D157C7D3D312"}
14:16:59.782 [main] DEBUG c.intuit.karate.driver.DriverOptions - >> {"id":21,"sessionId":"A1CCD0EE465A05D217E1D157C7D3D312","method":"Runtime.evaluate","params":{"expression":"'el número secreto es el ' + Math.floor(Math.random() * 1000)","returnByValue":true}}
14:16:59.783 [nioEventLoopGroup-7-1] DEBUG c.intuit.karate.driver.DriverOptions - << {"id":21,"result":{"result":{"type":"string","value":"el n\u00famero secreto es el 559"}},"sessionId":"A1CCD0EE465A05D217E1D157C7D3D312"}
14:16:59.784 [nioEventLoopGroup-7-1] DEBUG c.intuit.karate.driver.DriverOptions - << {"method":"Runtime.consoleAPICalled","params":{"type":"log","args":[{"type":"string","value":"Web Socket Opened..."}],"executionContextId":3,"timestamp":1.710249419783491e+12,"stackTrace":{"callFrames":[{"functionName":"Client.debug","scriptId":"12","url":"http://localhost:8080/js/stomp.js","lineNumber":173,"columnNumber":107},{"functionName":"","scriptId":"12","url":"http://localhost:8080/js/stomp.js","lineNumber":441,"columnNumber":30}]}},"sessionId":"A1CCD0EE465A05D217E1D157C7D3D312"}
14:16:59.784 [nioEventLoopGroup-7-1] DEBUG c.intuit.karate.driver.DriverOptions - [console] Web Socket Opened...
14:16:59.784 [nioEventLoopGroup-7-1] DEBUG c.intuit.karate.driver.DriverOptions - << {"method":"Runtime.consoleAPICalled","params":{"type":"log","args":[{"type":"string","value":">>> CONNECT\nX-CSRF-TOKEN:a5684996-fa1f-4bab-aed6-c0221ceba5bd\naccept-version:1.2,1.1,1.0\nheart-beat:10000,10000\n\n\u0000"}],"executionContextId":3,"timestamp":1.710249419783649e+12,"stackTrace":{"callFrames":[{"functionName":"Client.debug","scriptId":"12","url":"http://localhost:8080/js/stomp.js","lineNumber":173,"columnNumber":107},{"functionName":"Client._transmit","scriptId":"12","url":"http://localhost:8080/js/stomp.js","lineNumber":188,"columnNumber":21},{"functionName":"","scriptId":"12","url":"http://localhost:8080/js/stomp.js","lineNumber":445,"columnNumber":33}]}},"sessionId":"A1CCD0EE465A05D217E1D157C7D3D312"}
14:16:59.784 [nioEventLoopGroup-7-1] DEBUG c.intuit.karate.driver.DriverOptions - [console] >>> CONNECT
X-CSRF-TOKEN:a5684996-fa1f-4bab-aed6-c0221ceba5bd
accept-version:1.2,1.1,1.0
heart-beat:10000,10000

&amp#0;
14:16:59.785 [main] DEBUG c.intuit.karate.driver.DriverOptions - >> {"id":22,"sessionId":"A1CCD0EE465A05D217E1D157C7D3D312","method":"Runtime.evaluate","params":{"expression":"var e = document.querySelector(\"#message\"); e.focus(); try { e.selectionStart = e.selectionEnd = e.value.length } catch(x) {}","returnByValue":true}}
14:16:59.786 [nioEventLoopGroup-7-1] DEBUG c.intuit.karate.driver.DriverOptions - << {"id":22,"result":{"result":{"type":"number","value":0,"description":"0"}},"sessionId":"A1CCD0EE465A05D217E1D157C7D3D312"}
14:16:59.787 [nioEventLoopGroup-7-1] DEBUG c.intuit.karate.driver.DriverOptions - << {"method":"Runtime.consoleAPICalled","params":{"type":"log","args":[{"type":"string","value":"<<< CONNECTED\nversion:1.2\nheart-beat:0,0\nuser-name:a\n\n\u0000"}],"executionContextId":3,"timestamp":1.71024941978631e+12,"stackTrace":{"callFrames":[{"functionName":"Client.debug","scriptId":"12","url":"http://localhost:8080/js/stomp.js","lineNumber":173,"columnNumber":107},{"functionName":"","scriptId":"12","url":"http://localhost:8080/js/stomp.js","lineNumber":339,"columnNumber":30}]}},"sessionId":"A1CCD0EE465A05D217E1D157C7D3D312"}
14:16:59.787 [nioEventLoopGroup-7-1] DEBUG c.intuit.karate.driver.DriverOptions - [console] <<< CONNECTED
version:1.2
heart-beat:0,0
user-name:a

&amp#0;
14:16:59.787 [nioEventLoopGroup-7-1] DEBUG c.intuit.karate.driver.DriverOptions - << {"method":"Runtime.consoleAPICalled","params":{"type":"log","args":[{"type":"string","value":"connected to server undefined"}],"executionContextId":3,"timestamp":1.710249419786433e+12,"stackTrace":{"callFrames":[{"functionName":"Client.debug","scriptId":"12","url":"http://localhost:8080/js/stomp.js","lineNumber":173,"columnNumber":107},{"functionName":"","scriptId":"12","url":"http://localhost:8080/js/stomp.js","lineNumber":349,"columnNumber":42}]}},"sessionId":"A1CCD0EE465A05D217E1D157C7D3D312"}
14:16:59.787 [nioEventLoopGroup-7-1] DEBUG c.intuit.karate.driver.DriverOptions - [console] connected to server undefined
14:16:59.787 [main] DEBUG c.intuit.karate.driver.DriverOptions - >> {"id":23,"sessionId":"A1CCD0EE465A05D217E1D157C7D3D312","method":"Input.dispatchKeyEvent","params":{"modifiers":0,"type":"rawKeyDown","text":"e","windowsVirtualKeyCode":69}}
14:16:59.787 [nioEventLoopGroup-7-1] DEBUG c.intuit.karate.driver.DriverOptions - << {"method":"Runtime.consoleAPICalled","params":{"type":"log","args":[{"type":"string","value":"Connected to "},{"type":"string","value":"ws://localhost:8080/ws"},{"type":"string","value":" - subscribing:"}],"executionContextId":3,"timestamp":1.710249419786476e+12,"stackTrace":{"callFrames":[{"functionName":"","scriptId":"11","url":"http://localhost:8080/js/iw.js","lineNumber":37,"columnNumber":24},{"functionName":"","scriptId":"12","url":"http://localhost:8080/js/stomp.js","lineNumber":362,"columnNumber":42}]}},"sessionId":"A1CCD0EE465A05D217E1D157C7D3D312"}
14:16:59.787 [nioEventLoopGroup-7-1] DEBUG c.intuit.karate.driver.DriverOptions - [console] Connected to 
14:16:59.787 [nioEventLoopGroup-7-1] DEBUG c.intuit.karate.driver.DriverOptions - [console] ws://localhost:8080/ws
14:16:59.787 [nioEventLoopGroup-7-1] DEBUG c.intuit.karate.driver.DriverOptions - [console]  - subscribing:
14:16:59.787 [nioEventLoopGroup-7-1] DEBUG c.intuit.karate.driver.DriverOptions - << {"method":"Runtime.consoleAPICalled","params":{"type":"log","args":[{"type":"string","value":" ... to /user/queue/updates ..."}],"executionContextId":3,"timestamp":1.710249419786505e+12,"stackTrace":{"callFrames":[{"functionName":"","scriptId":"11","url":"http://localhost:8080/js/iw.js","lineNumber":40,"columnNumber":28},{"functionName":"","scriptId":"12","url":"http://localhost:8080/js/stomp.js","lineNumber":362,"columnNumber":42}]}},"sessionId":"A1CCD0EE465A05D217E1D157C7D3D312"}
14:16:59.787 [nioEventLoopGroup-7-1] DEBUG c.intuit.karate.driver.DriverOptions - [console]  ... to /user/queue/updates ...
14:16:59.787 [nioEventLoopGroup-7-1] DEBUG c.intuit.karate.driver.DriverOptions - << {"method":"Runtime.consoleAPICalled","params":{"type":"log","args":[{"type":"string","value":">>> SUBSCRIBE\nid:sub-0\ndestination:/user/queue/updates\n\n\u0000"}],"executionContextId":3,"timestamp":1.710249419786579e+12,"stackTrace":{"callFrames":[{"functionName":"Client.debug","scriptId":"12","url":"http://localhost:8080/js/stomp.js","lineNumber":173,"columnNumber":107},{"functionName":"Client._transmit","scriptId":"12","url":"http://localhost:8080/js/stomp.js","lineNumber":188,"columnNumber":21},{"functionName":"Client.subscribe","scriptId":"12","url":"http://localhost:8080/js/stomp.js","lineNumber":532,"columnNumber":17},{"functionName":"subscribe","scriptId":"11","url":"http://localhost:8080/js/iw.js","lineNumber":52,"columnNumber":27},{"functionName":"","scriptId":"11","url":"http://localhost:8080/js/iw.js","lineNumber":41,"columnNumber":23},{"functionName":"","scriptId":"12","url":"http://localhost:8080/js/stomp.js","lineNumber":362,"columnNumber":42}]}},"sessionId":"A1CCD0EE465A05D217E1D157C7D3D312"}
14:16:59.788 [nioEventLoopGroup-7-1] DEBUG c.intuit.karate.driver.DriverOptions - [console] >>> SUBSCRIBE
id:sub-0
destination:/user/queue/updates

&amp#0;
14:16:59.788 [nioEventLoopGroup-7-1] DEBUG c.intuit.karate.driver.DriverOptions - << {"method":"Runtime.consoleAPICalled","params":{"type":"log","args":[{"type":"string","value":"Hopefully subscribed to /user/queue/updates"}],"executionContextId":3,"timestamp":1.710249419786639e+12,"stackTrace":{"callFrames":[{"functionName":"subscribe","scriptId":"11","url":"http://localhost:8080/js/iw.js","lineNumber":54,"columnNumber":20},{"functionName":"","scriptId":"11","url":"http://localhost:8080/js/iw.js","lineNumber":41,"columnNumber":23},{"functionName":"","scriptId":"12","url":"http://localhost:8080/js/stomp.js","lineNumber":362,"columnNumber":42}]}},"sessionId":"A1CCD0EE465A05D217E1D157C7D3D312"}
14:16:59.788 [nioEventLoopGroup-7-1] DEBUG c.intuit.karate.driver.DriverOptions - [console] Hopefully subscribed to /user/queue/updates
14:16:59.788 [nioEventLoopGroup-7-1] DEBUG c.intuit.karate.driver.DriverOptions - << {"method":"Runtime.consoleAPICalled","params":{"type":"log","args":[{"type":"string","value":" ... to /topic/admin ..."}],"executionContextId":3,"timestamp":1.710249419786664e+12,"stackTrace":{"callFrames":[{"functionName":"","scriptId":"11","url":"http://localhost:8080/js/iw.js","lineNumber":40,"columnNumber":28},{"functionName":"","scriptId":"12","url":"http://localhost:8080/js/stomp.js","lineNumber":362,"columnNumber":42}]}},"sessionId":"A1CCD0EE465A05D217E1D157C7D3D312"}
14:16:59.788 [nioEventLoopGroup-7-1] DEBUG c.intuit.karate.driver.DriverOptions - [console]  ... to /topic/admin ...
14:16:59.788 [nioEventLoopGroup-7-1] DEBUG c.intuit.karate.driver.DriverOptions - << {"method":"Runtime.consoleAPICalled","params":{"type":"log","args":[{"type":"string","value":">>> SUBSCRIBE\nid:sub-1\ndestination:/topic/admin\n\n\u0000"}],"executionContextId":3,"timestamp":1.710249419786701e+12,"stackTrace":{"callFrames":[{"functionName":"Client.debug","scriptId":"12","url":"http://localhost:8080/js/stomp.js","lineNumber":173,"columnNumber":107},{"functionName":"Client._transmit","scriptId":"12","url":"http://localhost:8080/js/stomp.js","lineNumber":188,"columnNumber":21},{"functionName":"Client.subscribe","scriptId":"12","url":"http://localhost:8080/js/stomp.js","lineNumber":532,"columnNumber":17},{"functionName":"subscribe","scriptId":"11","url":"http://localhost:8080/js/iw.js","lineNumber":52,"columnNumber":27},{"functionName":"","scriptId":"11","url":"http://localhost:8080/js/iw.js","lineNumber":41,"columnNumber":23},{"functionName":"","scriptId":"12","url":"http://localhost:8080/js/stomp.js","lineNumber":362,"columnNumber":42}]}},"sessionId":"A1CCD0EE465A05D217E1D157C7D3D312"}
14:16:59.788 [nioEventLoopGroup-7-1] DEBUG c.intuit.karate.driver.DriverOptions - [console] >>> SUBSCRIBE
id:sub-1
destination:/topic/admin

&amp#0;
14:16:59.788 [nioEventLoopGroup-7-1] DEBUG c.intuit.karate.driver.DriverOptions - << {"method":"Runtime.consoleAPICalled","params":{"type":"log","args":[{"type":"string","value":"Hopefully subscribed to /topic/admin"}],"executionContextId":3,"timestamp":1.710249419786739e+12,"stackTrace":{"callFrames":[{"functionName":"subscribe","scriptId":"11","url":"http://localhost:8080/js/iw.js","lineNumber":54,"columnNumber":20},{"functionName":"","scriptId":"11","url":"http://localhost:8080/js/iw.js","lineNumber":41,"columnNumber":23},{"functionName":"","scriptId":"12","url":"http://localhost:8080/js/stomp.js","lineNumber":362,"columnNumber":42}]}},"sessionId":"A1CCD0EE465A05D217E1D157C7D3D312"}
14:16:59.788 [nioEventLoopGroup-7-1] DEBUG c.intuit.karate.driver.DriverOptions - [console] Hopefully subscribed to /topic/admin
14:16:59.788 [nioEventLoopGroup-7-1] DEBUG c.intuit.karate.driver.DriverOptions - << {"id":23,"result":{},"sessionId":"A1CCD0EE465A05D217E1D157C7D3D312"}
14:16:59.788 [main] DEBUG c.intuit.karate.driver.DriverOptions - >> {"id":24,"sessionId":"A1CCD0EE465A05D217E1D157C7D3D312","method":"Input.dispatchKeyEvent","params":{"modifiers":0,"type":"char","text":"e","windowsVirtualKeyCode":69}}
14:16:59.789 [nioEventLoopGroup-7-1] DEBUG c.intuit.karate.driver.DriverOptions - << {"id":24,"result":{},"sessionId":"A1CCD0EE465A05D217E1D157C7D3D312"}
14:16:59.790 [main] DEBUG c.intuit.karate.driver.DriverOptions - >> {"id":25,"sessionId":"A1CCD0EE465A05D217E1D157C7D3D312","method":"Input.dispatchKeyEvent","params":{"modifiers":0,"type":"keyUp","text":"e","windowsVirtualKeyCode":69}}
14:16:59.790 [nioEventLoopGroup-7-1] DEBUG c.intuit.karate.driver.DriverOptions - << {"id":25,"result":{},"sessionId":"A1CCD0EE465A05D217E1D157C7D3D312"}
14:16:59.790 [main] DEBUG c.intuit.karate.driver.DriverOptions - >> {"id":26,"sessionId":"A1CCD0EE465A05D217E1D157C7D3D312","method":"Input.dispatchKeyEvent","params":{"modifiers":0,"type":"rawKeyDown","text":"l","windowsVirtualKeyCode":76}}
14:16:59.791 [nioEventLoopGroup-7-1] DEBUG c.intuit.karate.driver.DriverOptions - << {"id":26,"result":{},"sessionId":"A1CCD0EE465A05D217E1D157C7D3D312"}
14:16:59.791 [main] DEBUG c.intuit.karate.driver.DriverOptions - >> {"id":27,"sessionId":"A1CCD0EE465A05D217E1D157C7D3D312","method":"Input.dispatchKeyEvent","params":{"modifiers":0,"type":"char","text":"l","windowsVirtualKeyCode":76}}
14:16:59.792 [nioEventLoopGroup-7-1] DEBUG c.intuit.karate.driver.DriverOptions - << {"id":27,"result":{},"sessionId":"A1CCD0EE465A05D217E1D157C7D3D312"}
14:16:59.792 [main] DEBUG c.intuit.karate.driver.DriverOptions - >> {"id":28,"sessionId":"A1CCD0EE465A05D217E1D157C7D3D312","method":"Input.dispatchKeyEvent","params":{"modifiers":0,"type":"keyUp","text":"l","windowsVirtualKeyCode":76}}
14:16:59.793 [nioEventLoopGroup-7-1] DEBUG c.intuit.karate.driver.DriverOptions - << {"id":28,"result":{},"sessionId":"A1CCD0EE465A05D217E1D157C7D3D312"}
14:16:59.793 [main] DEBUG c.intuit.karate.driver.DriverOptions - >> {"id":29,"sessionId":"A1CCD0EE465A05D217E1D157C7D3D312","method":"Input.dispatchKeyEvent","params":{"modifiers":0,"type":"rawKeyDown","text":" ","windowsVirtualKeyCode":32}}
14:16:59.793 [nioEventLoopGroup-7-1] DEBUG c.intuit.karate.driver.DriverOptions - << {"id":29,"result":{},"sessionId":"A1CCD0EE465A05D217E1D157C7D3D312"}
14:16:59.793 [main] DEBUG c.intuit.karate.driver.DriverOptions - >> {"id":30,"sessionId":"A1CCD0EE465A05D217E1D157C7D3D312","method":"Input.dispatchKeyEvent","params":{"modifiers":0,"type":"char","text":" ","windowsVirtualKeyCode":32}}
14:16:59.794 [nioEventLoopGroup-7-1] DEBUG c.intuit.karate.driver.DriverOptions - << {"id":30,"result":{},"sessionId":"A1CCD0EE465A05D217E1D157C7D3D312"}
14:16:59.794 [main] DEBUG c.intuit.karate.driver.DriverOptions - >> {"id":31,"sessionId":"A1CCD0EE465A05D217E1D157C7D3D312","method":"Input.dispatchKeyEvent","params":{"modifiers":0,"type":"keyUp","text":" ","windowsVirtualKeyCode":32}}
14:16:59.795 [nioEventLoopGroup-7-1] DEBUG c.intuit.karate.driver.DriverOptions - << {"id":31,"result":{},"sessionId":"A1CCD0EE465A05D217E1D157C7D3D312"}
14:16:59.795 [main] DEBUG c.intuit.karate.driver.DriverOptions - >> {"id":32,"sessionId":"A1CCD0EE465A05D217E1D157C7D3D312","method":"Input.dispatchKeyEvent","params":{"modifiers":0,"type":"rawKeyDown","text":"n","windowsVirtualKeyCode":78}}
14:16:59.802 [nioEventLoopGroup-7-1] DEBUG c.intuit.karate.driver.DriverOptions - << {"id":32,"result":{},"sessionId":"A1CCD0EE465A05D217E1D157C7D3D312"}
14:16:59.802 [main] DEBUG c.intuit.karate.driver.DriverOptions - >> {"id":33,"sessionId":"A1CCD0EE465A05D217E1D157C7D3D312","method":"Input.dispatchKeyEvent","params":{"modifiers":0,"type":"char","text":"n","windowsVirtualKeyCode":78}}
14:16:59.803 [nioEventLoopGroup-7-1] DEBUG c.intuit.karate.driver.DriverOptions - << {"id":33,"result":{},"sessionId":"A1CCD0EE465A05D217E1D157C7D3D312"}
14:16:59.803 [main] DEBUG c.intuit.karate.driver.DriverOptions - >> {"id":34,"sessionId":"A1CCD0EE465A05D217E1D157C7D3D312","method":"Input.dispatchKeyEvent","params":{"modifiers":0,"type":"keyUp","text":"n","windowsVirtualKeyCode":78}}
14:16:59.804 [nioEventLoopGroup-7-1] DEBUG c.intuit.karate.driver.DriverOptions - << {"id":34,"result":{},"sessionId":"A1CCD0EE465A05D217E1D157C7D3D312"}
14:16:59.804 [main] WARN  c.intuit.karate.driver.DriverOptions - unknown character / key code: ú
14:16:59.804 [main] DEBUG c.intuit.karate.driver.DriverOptions - >> {"id":35,"sessionId":"A1CCD0EE465A05D217E1D157C7D3D312","method":"Input.dispatchKeyEvent","params":{"modifiers":0,"type":"char","text":"ú"}}
14:16:59.805 [nioEventLoopGroup-7-1] DEBUG c.intuit.karate.driver.DriverOptions - << {"id":35,"result":{},"sessionId":"A1CCD0EE465A05D217E1D157C7D3D312"}
14:16:59.805 [main] DEBUG c.intuit.karate.driver.DriverOptions - >> {"id":36,"sessionId":"A1CCD0EE465A05D217E1D157C7D3D312","method":"Input.dispatchKeyEvent","params":{"modifiers":0,"type":"rawKeyDown","text":"m","windowsVirtualKeyCode":77}}
14:16:59.806 [nioEventLoopGroup-7-1] DEBUG c.intuit.karate.driver.DriverOptions - << {"id":36,"result":{},"sessionId":"A1CCD0EE465A05D217E1D157C7D3D312"}
14:16:59.806 [main] DEBUG c.intuit.karate.driver.DriverOptions - >> {"id":37,"sessionId":"A1CCD0EE465A05D217E1D157C7D3D312","method":"Input.dispatchKeyEvent","params":{"modifiers":0,"type":"char","text":"m","windowsVirtualKeyCode":77}}
14:16:59.808 [nioEventLoopGroup-7-1] DEBUG c.intuit.karate.driver.DriverOptions - << {"id":37,"result":{},"sessionId":"A1CCD0EE465A05D217E1D157C7D3D312"}
14:16:59.808 [main] DEBUG c.intuit.karate.driver.DriverOptions - >> {"id":38,"sessionId":"A1CCD0EE465A05D217E1D157C7D3D312","method":"Input.dispatchKeyEvent","params":{"modifiers":0,"type":"keyUp","text":"m","windowsVirtualKeyCode":77}}
14:16:59.808 [nioEventLoopGroup-7-1] DEBUG c.intuit.karate.driver.DriverOptions - << {"id":38,"result":{},"sessionId":"A1CCD0EE465A05D217E1D157C7D3D312"}
14:16:59.808 [main] DEBUG c.intuit.karate.driver.DriverOptions - >> {"id":39,"sessionId":"A1CCD0EE465A05D217E1D157C7D3D312","method":"Input.dispatchKeyEvent","params":{"modifiers":0,"type":"rawKeyDown","text":"e","windowsVirtualKeyCode":69}}
14:16:59.809 [nioEventLoopGroup-7-1] DEBUG c.intuit.karate.driver.DriverOptions - << {"id":39,"result":{},"sessionId":"A1CCD0EE465A05D217E1D157C7D3D312"}
14:16:59.809 [main] DEBUG c.intuit.karate.driver.DriverOptions - >> {"id":40,"sessionId":"A1CCD0EE465A05D217E1D157C7D3D312","method":"Input.dispatchKeyEvent","params":{"modifiers":0,"type":"char","text":"e","windowsVirtualKeyCode":69}}
14:16:59.811 [nioEventLoopGroup-7-1] DEBUG c.intuit.karate.driver.DriverOptions - << {"id":40,"result":{},"sessionId":"A1CCD0EE465A05D217E1D157C7D3D312"}
14:16:59.811 [main] DEBUG c.intuit.karate.driver.DriverOptions - >> {"id":41,"sessionId":"A1CCD0EE465A05D217E1D157C7D3D312","method":"Input.dispatchKeyEvent","params":{"modifiers":0,"type":"keyUp","text":"e","windowsVirtualKeyCode":69}}
14:16:59.812 [nioEventLoopGroup-7-1] DEBUG c.intuit.karate.driver.DriverOptions - << {"id":41,"result":{},"sessionId":"A1CCD0EE465A05D217E1D157C7D3D312"}
14:16:59.812 [main] DEBUG c.intuit.karate.driver.DriverOptions - >> {"id":42,"sessionId":"A1CCD0EE465A05D217E1D157C7D3D312","method":"Input.dispatchKeyEvent","params":{"modifiers":0,"type":"rawKeyDown","text":"r","windowsVirtualKeyCode":82}}
14:16:59.813 [nioEventLoopGroup-7-1] DEBUG c.intuit.karate.driver.DriverOptions - << {"id":42,"result":{},"sessionId":"A1CCD0EE465A05D217E1D157C7D3D312"}
14:16:59.813 [main] DEBUG c.intuit.karate.driver.DriverOptions - >> {"id":43,"sessionId":"A1CCD0EE465A05D217E1D157C7D3D312","method":"Input.dispatchKeyEvent","params":{"modifiers":0,"type":"char","text":"r","windowsVirtualKeyCode":82}}
14:16:59.814 [nioEventLoopGroup-7-1] DEBUG c.intuit.karate.driver.DriverOptions - << {"id":43,"result":{},"sessionId":"A1CCD0EE465A05D217E1D157C7D3D312"}
14:16:59.814 [main] DEBUG c.intuit.karate.driver.DriverOptions - >> {"id":44,"sessionId":"A1CCD0EE465A05D217E1D157C7D3D312","method":"Input.dispatchKeyEvent","params":{"modifiers":0,"type":"keyUp","text":"r","windowsVirtualKeyCode":82}}
14:16:59.815 [nioEventLoopGroup-7-1] DEBUG c.intuit.karate.driver.DriverOptions - << {"id":44,"result":{},"sessionId":"A1CCD0EE465A05D217E1D157C7D3D312"}
14:16:59.815 [main] DEBUG c.intuit.karate.driver.DriverOptions - >> {"id":45,"sessionId":"A1CCD0EE465A05D217E1D157C7D3D312","method":"Input.dispatchKeyEvent","params":{"modifiers":0,"type":"rawKeyDown","text":"o","windowsVirtualKeyCode":79}}
14:16:59.815 [nioEventLoopGroup-7-1] DEBUG c.intuit.karate.driver.DriverOptions - << {"id":45,"result":{},"sessionId":"A1CCD0EE465A05D217E1D157C7D3D312"}
14:16:59.815 [main] DEBUG c.intuit.karate.driver.DriverOptions - >> {"id":46,"sessionId":"A1CCD0EE465A05D217E1D157C7D3D312","method":"Input.dispatchKeyEvent","params":{"modifiers":0,"type":"char","text":"o","windowsVirtualKeyCode":79}}
14:16:59.816 [nioEventLoopGroup-7-1] DEBUG c.intuit.karate.driver.DriverOptions - << {"id":46,"result":{},"sessionId":"A1CCD0EE465A05D217E1D157C7D3D312"}
14:16:59.816 [main] DEBUG c.intuit.karate.driver.DriverOptions - >> {"id":47,"sessionId":"A1CCD0EE465A05D217E1D157C7D3D312","method":"Input.dispatchKeyEvent","params":{"modifiers":0,"type":"keyUp","text":"o","windowsVirtualKeyCode":79}}
14:16:59.818 [nioEventLoopGroup-7-1] DEBUG c.intuit.karate.driver.DriverOptions - << {"id":47,"result":{},"sessionId":"A1CCD0EE465A05D217E1D157C7D3D312"}
14:16:59.818 [main] DEBUG c.intuit.karate.driver.DriverOptions - >> {"id":48,"sessionId":"A1CCD0EE465A05D217E1D157C7D3D312","method":"Input.dispatchKeyEvent","params":{"modifiers":0,"type":"rawKeyDown","text":" ","windowsVirtualKeyCode":32}}
14:16:59.818 [nioEventLoopGroup-7-1] DEBUG c.intuit.karate.driver.DriverOptions - << {"id":48,"result":{},"sessionId":"A1CCD0EE465A05D217E1D157C7D3D312"}
14:16:59.818 [main] DEBUG c.intuit.karate.driver.DriverOptions - >> {"id":49,"sessionId":"A1CCD0EE465A05D217E1D157C7D3D312","method":"Input.dispatchKeyEvent","params":{"modifiers":0,"type":"char","text":" ","windowsVirtualKeyCode":32}}
14:16:59.818 [nioEventLoopGroup-7-1] DEBUG c.intuit.karate.driver.DriverOptions - << {"id":49,"result":{},"sessionId":"A1CCD0EE465A05D217E1D157C7D3D312"}
14:16:59.818 [main] DEBUG c.intuit.karate.driver.DriverOptions - >> {"id":50,"sessionId":"A1CCD0EE465A05D217E1D157C7D3D312","method":"Input.dispatchKeyEvent","params":{"modifiers":0,"type":"keyUp","text":" ","windowsVirtualKeyCode":32}}
14:16:59.818 [nioEventLoopGroup-7-1] DEBUG c.intuit.karate.driver.DriverOptions - << {"id":50,"result":{},"sessionId":"A1CCD0EE465A05D217E1D157C7D3D312"}
14:16:59.818 [main] DEBUG c.intuit.karate.driver.DriverOptions - >> {"id":51,"sessionId":"A1CCD0EE465A05D217E1D157C7D3D312","method":"Input.dispatchKeyEvent","params":{"modifiers":0,"type":"rawKeyDown","text":"s","windowsVirtualKeyCode":83}}
14:16:59.818 [nioEventLoopGroup-7-1] DEBUG c.intuit.karate.driver.DriverOptions - << {"id":51,"result":{},"sessionId":"A1CCD0EE465A05D217E1D157C7D3D312"}
14:16:59.818 [main] DEBUG c.intuit.karate.driver.DriverOptions - >> {"id":52,"sessionId":"A1CCD0EE465A05D217E1D157C7D3D312","method":"Input.dispatchKeyEvent","params":{"modifiers":0,"type":"char","text":"s","windowsVirtualKeyCode":83}}
14:16:59.818 [nioEventLoopGroup-7-1] DEBUG c.intuit.karate.driver.DriverOptions - << {"id":52,"result":{},"sessionId":"A1CCD0EE465A05D217E1D157C7D3D312"}
14:16:59.818 [main] DEBUG c.intuit.karate.driver.DriverOptions - >> {"id":53,"sessionId":"A1CCD0EE465A05D217E1D157C7D3D312","method":"Input.dispatchKeyEvent","params":{"modifiers":0,"type":"keyUp","text":"s","windowsVirtualKeyCode":83}}
14:16:59.818 [nioEventLoopGroup-7-1] DEBUG c.intuit.karate.driver.DriverOptions - << {"id":53,"result":{},"sessionId":"A1CCD0EE465A05D217E1D157C7D3D312"}
14:16:59.818 [main] DEBUG c.intuit.karate.driver.DriverOptions - >> {"id":54,"sessionId":"A1CCD0EE465A05D217E1D157C7D3D312","method":"Input.dispatchKeyEvent","params":{"modifiers":0,"type":"rawKeyDown","text":"e","windowsVirtualKeyCode":69}}
14:16:59.818 [nioEventLoopGroup-7-1] DEBUG c.intuit.karate.driver.DriverOptions - << {"id":54,"result":{},"sessionId":"A1CCD0EE465A05D217E1D157C7D3D312"}
14:16:59.818 [main] DEBUG c.intuit.karate.driver.DriverOptions - >> {"id":55,"sessionId":"A1CCD0EE465A05D217E1D157C7D3D312","method":"Input.dispatchKeyEvent","params":{"modifiers":0,"type":"char","text":"e","windowsVirtualKeyCode":69}}
14:16:59.818 [nioEventLoopGroup-7-1] DEBUG c.intuit.karate.driver.DriverOptions - << {"id":55,"result":{},"sessionId":"A1CCD0EE465A05D217E1D157C7D3D312"}
14:16:59.818 [main] DEBUG c.intuit.karate.driver.DriverOptions - >> {"id":56,"sessionId":"A1CCD0EE465A05D217E1D157C7D3D312","method":"Input.dispatchKeyEvent","params":{"modifiers":0,"type":"keyUp","text":"e","windowsVirtualKeyCode":69}}
14:16:59.818 [nioEventLoopGroup-7-1] DEBUG c.intuit.karate.driver.DriverOptions - << {"id":56,"result":{},"sessionId":"A1CCD0EE465A05D217E1D157C7D3D312"}
14:16:59.818 [main] DEBUG c.intuit.karate.driver.DriverOptions - >> {"id":57,"sessionId":"A1CCD0EE465A05D217E1D157C7D3D312","method":"Input.dispatchKeyEvent","params":{"modifiers":0,"type":"rawKeyDown","text":"c","windowsVirtualKeyCode":67}}
14:16:59.828 [nioEventLoopGroup-7-1] DEBUG c.intuit.karate.driver.DriverOptions - << {"id":57,"result":{},"sessionId":"A1CCD0EE465A05D217E1D157C7D3D312"}
14:16:59.828 [main] DEBUG c.intuit.karate.driver.DriverOptions - >> {"id":58,"sessionId":"A1CCD0EE465A05D217E1D157C7D3D312","method":"Input.dispatchKeyEvent","params":{"modifiers":0,"type":"char","text":"c","windowsVirtualKeyCode":67}}
14:16:59.828 [nioEventLoopGroup-7-1] DEBUG c.intuit.karate.driver.DriverOptions - << {"id":58,"result":{},"sessionId":"A1CCD0EE465A05D217E1D157C7D3D312"}
14:16:59.828 [main] DEBUG c.intuit.karate.driver.DriverOptions - >> {"id":59,"sessionId":"A1CCD0EE465A05D217E1D157C7D3D312","method":"Input.dispatchKeyEvent","params":{"modifiers":0,"type":"keyUp","text":"c","windowsVirtualKeyCode":67}}
14:16:59.828 [nioEventLoopGroup-7-1] DEBUG c.intuit.karate.driver.DriverOptions - << {"id":59,"result":{},"sessionId":"A1CCD0EE465A05D217E1D157C7D3D312"}
14:16:59.828 [main] DEBUG c.intuit.karate.driver.DriverOptions - >> {"id":60,"sessionId":"A1CCD0EE465A05D217E1D157C7D3D312","method":"Input.dispatchKeyEvent","params":{"modifiers":0,"type":"rawKeyDown","text":"r","windowsVirtualKeyCode":82}}
14:16:59.828 [nioEventLoopGroup-7-1] DEBUG c.intuit.karate.driver.DriverOptions - << {"id":60,"result":{},"sessionId":"A1CCD0EE465A05D217E1D157C7D3D312"}
14:16:59.828 [main] DEBUG c.intuit.karate.driver.DriverOptions - >> {"id":61,"sessionId":"A1CCD0EE465A05D217E1D157C7D3D312","method":"Input.dispatchKeyEvent","params":{"modifiers":0,"type":"char","text":"r","windowsVirtualKeyCode":82}}
14:16:59.828 [nioEventLoopGroup-7-1] DEBUG c.intuit.karate.driver.DriverOptions - << {"id":61,"result":{},"sessionId":"A1CCD0EE465A05D217E1D157C7D3D312"}
14:16:59.828 [main] DEBUG c.intuit.karate.driver.DriverOptions - >> {"id":62,"sessionId":"A1CCD0EE465A05D217E1D157C7D3D312","method":"Input.dispatchKeyEvent","params":{"modifiers":0,"type":"keyUp","text":"r","windowsVirtualKeyCode":82}}
14:16:59.828 [nioEventLoopGroup-7-1] DEBUG c.intuit.karate.driver.DriverOptions - << {"id":62,"result":{},"sessionId":"A1CCD0EE465A05D217E1D157C7D3D312"}
14:16:59.828 [main] DEBUG c.intuit.karate.driver.DriverOptions - >> {"id":63,"sessionId":"A1CCD0EE465A05D217E1D157C7D3D312","method":"Input.dispatchKeyEvent","params":{"modifiers":0,"type":"rawKeyDown","text":"e","windowsVirtualKeyCode":69}}
14:16:59.828 [nioEventLoopGroup-7-1] DEBUG c.intuit.karate.driver.DriverOptions - << {"id":63,"result":{},"sessionId":"A1CCD0EE465A05D217E1D157C7D3D312"}
14:16:59.828 [main] DEBUG c.intuit.karate.driver.DriverOptions - >> {"id":64,"sessionId":"A1CCD0EE465A05D217E1D157C7D3D312","method":"Input.dispatchKeyEvent","params":{"modifiers":0,"type":"char","text":"e","windowsVirtualKeyCode":69}}
14:16:59.828 [nioEventLoopGroup-7-1] DEBUG c.intuit.karate.driver.DriverOptions - << {"id":64,"result":{},"sessionId":"A1CCD0EE465A05D217E1D157C7D3D312"}
14:16:59.828 [main] DEBUG c.intuit.karate.driver.DriverOptions - >> {"id":65,"sessionId":"A1CCD0EE465A05D217E1D157C7D3D312","method":"Input.dispatchKeyEvent","params":{"modifiers":0,"type":"keyUp","text":"e","windowsVirtualKeyCode":69}}
14:16:59.828 [nioEventLoopGroup-7-1] DEBUG c.intuit.karate.driver.DriverOptions - << {"id":65,"result":{},"sessionId":"A1CCD0EE465A05D217E1D157C7D3D312"}
14:16:59.828 [main] DEBUG c.intuit.karate.driver.DriverOptions - >> {"id":66,"sessionId":"A1CCD0EE465A05D217E1D157C7D3D312","method":"Input.dispatchKeyEvent","params":{"modifiers":0,"type":"rawKeyDown","text":"t","windowsVirtualKeyCode":84}}
14:16:59.828 [nioEventLoopGroup-7-1] DEBUG c.intuit.karate.driver.DriverOptions - << {"id":66,"result":{},"sessionId":"A1CCD0EE465A05D217E1D157C7D3D312"}
14:16:59.828 [main] DEBUG c.intuit.karate.driver.DriverOptions - >> {"id":67,"sessionId":"A1CCD0EE465A05D217E1D157C7D3D312","method":"Input.dispatchKeyEvent","params":{"modifiers":0,"type":"char","text":"t","windowsVirtualKeyCode":84}}
14:16:59.838 [nioEventLoopGroup-7-1] DEBUG c.intuit.karate.driver.DriverOptions - << {"id":67,"result":{},"sessionId":"A1CCD0EE465A05D217E1D157C7D3D312"}
14:16:59.838 [main] DEBUG c.intuit.karate.driver.DriverOptions - >> {"id":68,"sessionId":"A1CCD0EE465A05D217E1D157C7D3D312","method":"Input.dispatchKeyEvent","params":{"modifiers":0,"type":"keyUp","text":"t","windowsVirtualKeyCode":84}}
14:16:59.838 [nioEventLoopGroup-7-1] DEBUG c.intuit.karate.driver.DriverOptions - << {"id":68,"result":{},"sessionId":"A1CCD0EE465A05D217E1D157C7D3D312"}
14:16:59.838 [main] DEBUG c.intuit.karate.driver.DriverOptions - >> {"id":69,"sessionId":"A1CCD0EE465A05D217E1D157C7D3D312","method":"Input.dispatchKeyEvent","params":{"modifiers":0,"type":"rawKeyDown","text":"o","windowsVirtualKeyCode":79}}
14:16:59.838 [nioEventLoopGroup-7-1] DEBUG c.intuit.karate.driver.DriverOptions - << {"id":69,"result":{},"sessionId":"A1CCD0EE465A05D217E1D157C7D3D312"}
14:16:59.838 [main] DEBUG c.intuit.karate.driver.DriverOptions - >> {"id":70,"sessionId":"A1CCD0EE465A05D217E1D157C7D3D312","method":"Input.dispatchKeyEvent","params":{"modifiers":0,"type":"char","text":"o","windowsVirtualKeyCode":79}}
14:16:59.838 [nioEventLoopGroup-7-1] DEBUG c.intuit.karate.driver.DriverOptions - << {"id":70,"result":{},"sessionId":"A1CCD0EE465A05D217E1D157C7D3D312"}
14:16:59.838 [main] DEBUG c.intuit.karate.driver.DriverOptions - >> {"id":71,"sessionId":"A1CCD0EE465A05D217E1D157C7D3D312","method":"Input.dispatchKeyEvent","params":{"modifiers":0,"type":"keyUp","text":"o","windowsVirtualKeyCode":79}}
14:16:59.838 [nioEventLoopGroup-7-1] DEBUG c.intuit.karate.driver.DriverOptions - << {"id":71,"result":{},"sessionId":"A1CCD0EE465A05D217E1D157C7D3D312"}
14:16:59.838 [main] DEBUG c.intuit.karate.driver.DriverOptions - >> {"id":72,"sessionId":"A1CCD0EE465A05D217E1D157C7D3D312","method":"Input.dispatchKeyEvent","params":{"modifiers":0,"type":"rawKeyDown","text":" ","windowsVirtualKeyCode":32}}
14:16:59.838 [nioEventLoopGroup-7-1] DEBUG c.intuit.karate.driver.DriverOptions - << {"id":72,"result":{},"sessionId":"A1CCD0EE465A05D217E1D157C7D3D312"}
14:16:59.838 [main] DEBUG c.intuit.karate.driver.DriverOptions - >> {"id":73,"sessionId":"A1CCD0EE465A05D217E1D157C7D3D312","method":"Input.dispatchKeyEvent","params":{"modifiers":0,"type":"char","text":" ","windowsVirtualKeyCode":32}}
14:16:59.838 [nioEventLoopGroup-7-1] DEBUG c.intuit.karate.driver.DriverOptions - << {"id":73,"result":{},"sessionId":"A1CCD0EE465A05D217E1D157C7D3D312"}
14:16:59.838 [main] DEBUG c.intuit.karate.driver.DriverOptions - >> {"id":74,"sessionId":"A1CCD0EE465A05D217E1D157C7D3D312","method":"Input.dispatchKeyEvent","params":{"modifiers":0,"type":"keyUp","text":" ","windowsVirtualKeyCode":32}}
14:16:59.838 [nioEventLoopGroup-7-1] DEBUG c.intuit.karate.driver.DriverOptions - << {"id":74,"result":{},"sessionId":"A1CCD0EE465A05D217E1D157C7D3D312"}
14:16:59.838 [main] DEBUG c.intuit.karate.driver.DriverOptions - >> {"id":75,"sessionId":"A1CCD0EE465A05D217E1D157C7D3D312","method":"Input.dispatchKeyEvent","params":{"modifiers":0,"type":"rawKeyDown","text":"e","windowsVirtualKeyCode":69}}
14:16:59.838 [nioEventLoopGroup-7-1] DEBUG c.intuit.karate.driver.DriverOptions - << {"id":75,"result":{},"sessionId":"A1CCD0EE465A05D217E1D157C7D3D312"}
14:16:59.838 [main] DEBUG c.intuit.karate.driver.DriverOptions - >> {"id":76,"sessionId":"A1CCD0EE465A05D217E1D157C7D3D312","method":"Input.dispatchKeyEvent","params":{"modifiers":0,"type":"char","text":"e","windowsVirtualKeyCode":69}}
14:16:59.838 [nioEventLoopGroup-7-1] DEBUG c.intuit.karate.driver.DriverOptions - << {"id":76,"result":{},"sessionId":"A1CCD0EE465A05D217E1D157C7D3D312"}
14:16:59.838 [main] DEBUG c.intuit.karate.driver.DriverOptions - >> {"id":77,"sessionId":"A1CCD0EE465A05D217E1D157C7D3D312","method":"Input.dispatchKeyEvent","params":{"modifiers":0,"type":"keyUp","text":"e","windowsVirtualKeyCode":69}}
14:16:59.838 [nioEventLoopGroup-7-1] DEBUG c.intuit.karate.driver.DriverOptions - << {"id":77,"result":{},"sessionId":"A1CCD0EE465A05D217E1D157C7D3D312"}
14:16:59.838 [main] DEBUG c.intuit.karate.driver.DriverOptions - >> {"id":78,"sessionId":"A1CCD0EE465A05D217E1D157C7D3D312","method":"Input.dispatchKeyEvent","params":{"modifiers":0,"type":"rawKeyDown","text":"s","windowsVirtualKeyCode":83}}
14:16:59.838 [nioEventLoopGroup-7-1] DEBUG c.intuit.karate.driver.DriverOptions - << {"id":78,"result":{},"sessionId":"A1CCD0EE465A05D217E1D157C7D3D312"}
14:16:59.838 [main] DEBUG c.intuit.karate.driver.DriverOptions - >> {"id":79,"sessionId":"A1CCD0EE465A05D217E1D157C7D3D312","method":"Input.dispatchKeyEvent","params":{"modifiers":0,"type":"char","text":"s","windowsVirtualKeyCode":83}}
14:16:59.838 [nioEventLoopGroup-7-1] DEBUG c.intuit.karate.driver.DriverOptions - << {"id":79,"result":{},"sessionId":"A1CCD0EE465A05D217E1D157C7D3D312"}
14:16:59.838 [main] DEBUG c.intuit.karate.driver.DriverOptions - >> {"id":80,"sessionId":"A1CCD0EE465A05D217E1D157C7D3D312","method":"Input.dispatchKeyEvent","params":{"modifiers":0,"type":"keyUp","text":"s","windowsVirtualKeyCode":83}}
14:16:59.838 [nioEventLoopGroup-7-1] DEBUG c.intuit.karate.driver.DriverOptions - << {"id":80,"result":{},"sessionId":"A1CCD0EE465A05D217E1D157C7D3D312"}
14:16:59.838 [main] DEBUG c.intuit.karate.driver.DriverOptions - >> {"id":81,"sessionId":"A1CCD0EE465A05D217E1D157C7D3D312","method":"Input.dispatchKeyEvent","params":{"modifiers":0,"type":"rawKeyDown","text":" ","windowsVirtualKeyCode":32}}
14:16:59.838 [nioEventLoopGroup-7-1] DEBUG c.intuit.karate.driver.DriverOptions - << {"id":81,"result":{},"sessionId":"A1CCD0EE465A05D217E1D157C7D3D312"}
14:16:59.838 [main] DEBUG c.intuit.karate.driver.DriverOptions - >> {"id":82,"sessionId":"A1CCD0EE465A05D217E1D157C7D3D312","method":"Input.dispatchKeyEvent","params":{"modifiers":0,"type":"char","text":" ","windowsVirtualKeyCode":32}}
14:16:59.848 [nioEventLoopGroup-7-1] DEBUG c.intuit.karate.driver.DriverOptions - << {"id":82,"result":{},"sessionId":"A1CCD0EE465A05D217E1D157C7D3D312"}
14:16:59.848 [main] DEBUG c.intuit.karate.driver.DriverOptions - >> {"id":83,"sessionId":"A1CCD0EE465A05D217E1D157C7D3D312","method":"Input.dispatchKeyEvent","params":{"modifiers":0,"type":"keyUp","text":" ","windowsVirtualKeyCode":32}}
14:16:59.848 [nioEventLoopGroup-7-1] DEBUG c.intuit.karate.driver.DriverOptions - << {"id":83,"result":{},"sessionId":"A1CCD0EE465A05D217E1D157C7D3D312"}
14:16:59.848 [main] DEBUG c.intuit.karate.driver.DriverOptions - >> {"id":84,"sessionId":"A1CCD0EE465A05D217E1D157C7D3D312","method":"Input.dispatchKeyEvent","params":{"modifiers":0,"type":"rawKeyDown","text":"e","windowsVirtualKeyCode":69}}
14:16:59.848 [nioEventLoopGroup-7-1] DEBUG c.intuit.karate.driver.DriverOptions - << {"id":84,"result":{},"sessionId":"A1CCD0EE465A05D217E1D157C7D3D312"}
14:16:59.848 [main] DEBUG c.intuit.karate.driver.DriverOptions - >> {"id":85,"sessionId":"A1CCD0EE465A05D217E1D157C7D3D312","method":"Input.dispatchKeyEvent","params":{"modifiers":0,"type":"char","text":"e","windowsVirtualKeyCode":69}}
14:16:59.848 [nioEventLoopGroup-7-1] DEBUG c.intuit.karate.driver.DriverOptions - << {"id":85,"result":{},"sessionId":"A1CCD0EE465A05D217E1D157C7D3D312"}
14:16:59.848 [main] DEBUG c.intuit.karate.driver.DriverOptions - >> {"id":86,"sessionId":"A1CCD0EE465A05D217E1D157C7D3D312","method":"Input.dispatchKeyEvent","params":{"modifiers":0,"type":"keyUp","text":"e","windowsVirtualKeyCode":69}}
14:16:59.848 [nioEventLoopGroup-7-1] DEBUG c.intuit.karate.driver.DriverOptions - << {"id":86,"result":{},"sessionId":"A1CCD0EE465A05D217E1D157C7D3D312"}
14:16:59.848 [main] DEBUG c.intuit.karate.driver.DriverOptions - >> {"id":87,"sessionId":"A1CCD0EE465A05D217E1D157C7D3D312","method":"Input.dispatchKeyEvent","params":{"modifiers":0,"type":"rawKeyDown","text":"l","windowsVirtualKeyCode":76}}
14:16:59.848 [nioEventLoopGroup-7-1] DEBUG c.intuit.karate.driver.DriverOptions - << {"id":87,"result":{},"sessionId":"A1CCD0EE465A05D217E1D157C7D3D312"}
14:16:59.848 [main] DEBUG c.intuit.karate.driver.DriverOptions - >> {"id":88,"sessionId":"A1CCD0EE465A05D217E1D157C7D3D312","method":"Input.dispatchKeyEvent","params":{"modifiers":0,"type":"char","text":"l","windowsVirtualKeyCode":76}}
14:16:59.848 [nioEventLoopGroup-7-1] DEBUG c.intuit.karate.driver.DriverOptions - << {"id":88,"result":{},"sessionId":"A1CCD0EE465A05D217E1D157C7D3D312"}
14:16:59.848 [main] DEBUG c.intuit.karate.driver.DriverOptions - >> {"id":89,"sessionId":"A1CCD0EE465A05D217E1D157C7D3D312","method":"Input.dispatchKeyEvent","params":{"modifiers":0,"type":"keyUp","text":"l","windowsVirtualKeyCode":76}}
14:16:59.848 [nioEventLoopGroup-7-1] DEBUG c.intuit.karate.driver.DriverOptions - << {"id":89,"result":{},"sessionId":"A1CCD0EE465A05D217E1D157C7D3D312"}
14:16:59.848 [main] DEBUG c.intuit.karate.driver.DriverOptions - >> {"id":90,"sessionId":"A1CCD0EE465A05D217E1D157C7D3D312","method":"Input.dispatchKeyEvent","params":{"modifiers":0,"type":"rawKeyDown","text":" ","windowsVirtualKeyCode":32}}
14:16:59.848 [nioEventLoopGroup-7-1] DEBUG c.intuit.karate.driver.DriverOptions - << {"id":90,"result":{},"sessionId":"A1CCD0EE465A05D217E1D157C7D3D312"}
14:16:59.848 [main] DEBUG c.intuit.karate.driver.DriverOptions - >> {"id":91,"sessionId":"A1CCD0EE465A05D217E1D157C7D3D312","method":"Input.dispatchKeyEvent","params":{"modifiers":0,"type":"char","text":" ","windowsVirtualKeyCode":32}}
14:16:59.848 [nioEventLoopGroup-7-1] DEBUG c.intuit.karate.driver.DriverOptions - << {"id":91,"result":{},"sessionId":"A1CCD0EE465A05D217E1D157C7D3D312"}
14:16:59.848 [main] DEBUG c.intuit.karate.driver.DriverOptions - >> {"id":92,"sessionId":"A1CCD0EE465A05D217E1D157C7D3D312","method":"Input.dispatchKeyEvent","params":{"modifiers":0,"type":"keyUp","text":" ","windowsVirtualKeyCode":32}}
14:16:59.848 [nioEventLoopGroup-7-1] DEBUG c.intuit.karate.driver.DriverOptions - << {"id":92,"result":{},"sessionId":"A1CCD0EE465A05D217E1D157C7D3D312"}
14:16:59.848 [main] DEBUG c.intuit.karate.driver.DriverOptions - >> {"id":93,"sessionId":"A1CCD0EE465A05D217E1D157C7D3D312","method":"Input.dispatchKeyEvent","params":{"modifiers":0,"type":"rawKeyDown","text":"5","windowsVirtualKeyCode":53}}
14:16:59.848 [nioEventLoopGroup-7-1] DEBUG c.intuit.karate.driver.DriverOptions - << {"id":93,"result":{},"sessionId":"A1CCD0EE465A05D217E1D157C7D3D312"}
14:16:59.848 [main] DEBUG c.intuit.karate.driver.DriverOptions - >> {"id":94,"sessionId":"A1CCD0EE465A05D217E1D157C7D3D312","method":"Input.dispatchKeyEvent","params":{"modifiers":0,"type":"char","text":"5","windowsVirtualKeyCode":53}}
14:16:59.848 [nioEventLoopGroup-7-1] DEBUG c.intuit.karate.driver.DriverOptions - << {"id":94,"result":{},"sessionId":"A1CCD0EE465A05D217E1D157C7D3D312"}
14:16:59.848 [main] DEBUG c.intuit.karate.driver.DriverOptions - >> {"id":95,"sessionId":"A1CCD0EE465A05D217E1D157C7D3D312","method":"Input.dispatchKeyEvent","params":{"modifiers":0,"type":"keyUp","text":"5","windowsVirtualKeyCode":53}}
14:16:59.848 [nioEventLoopGroup-7-1] DEBUG c.intuit.karate.driver.DriverOptions - << {"id":95,"result":{},"sessionId":"A1CCD0EE465A05D217E1D157C7D3D312"}
14:16:59.848 [main] DEBUG c.intuit.karate.driver.DriverOptions - >> {"id":96,"sessionId":"A1CCD0EE465A05D217E1D157C7D3D312","method":"Input.dispatchKeyEvent","params":{"modifiers":0,"type":"rawKeyDown","text":"5","windowsVirtualKeyCode":53}}
14:16:59.848 [nioEventLoopGroup-7-1] DEBUG c.intuit.karate.driver.DriverOptions - << {"id":96,"result":{},"sessionId":"A1CCD0EE465A05D217E1D157C7D3D312"}
14:16:59.848 [main] DEBUG c.intuit.karate.driver.DriverOptions - >> {"id":97,"sessionId":"A1CCD0EE465A05D217E1D157C7D3D312","method":"Input.dispatchKeyEvent","params":{"modifiers":0,"type":"char","text":"5","windowsVirtualKeyCode":53}}
14:16:59.848 [nioEventLoopGroup-7-1] DEBUG c.intuit.karate.driver.DriverOptions - << {"id":97,"result":{},"sessionId":"A1CCD0EE465A05D217E1D157C7D3D312"}
14:16:59.848 [main] DEBUG c.intuit.karate.driver.DriverOptions - >> {"id":98,"sessionId":"A1CCD0EE465A05D217E1D157C7D3D312","method":"Input.dispatchKeyEvent","params":{"modifiers":0,"type":"keyUp","text":"5","windowsVirtualKeyCode":53}}
14:16:59.848 [nioEventLoopGroup-7-1] DEBUG c.intuit.karate.driver.DriverOptions - << {"id":98,"result":{},"sessionId":"A1CCD0EE465A05D217E1D157C7D3D312"}
14:16:59.848 [main] DEBUG c.intuit.karate.driver.DriverOptions - >> {"id":99,"sessionId":"A1CCD0EE465A05D217E1D157C7D3D312","method":"Input.dispatchKeyEvent","params":{"modifiers":0,"type":"rawKeyDown","text":"9","windowsVirtualKeyCode":57}}
14:16:59.848 [nioEventLoopGroup-7-1] DEBUG c.intuit.karate.driver.DriverOptions - << {"id":99,"result":{},"sessionId":"A1CCD0EE465A05D217E1D157C7D3D312"}
14:16:59.848 [main] DEBUG c.intuit.karate.driver.DriverOptions - >> {"id":100,"sessionId":"A1CCD0EE465A05D217E1D157C7D3D312","method":"Input.dispatchKeyEvent","params":{"modifiers":0,"type":"char","text":"9","windowsVirtualKeyCode":57}}
14:16:59.848 [nioEventLoopGroup-7-1] DEBUG c.intuit.karate.driver.DriverOptions - << {"id":100,"result":{},"sessionId":"A1CCD0EE465A05D217E1D157C7D3D312"}
14:16:59.848 [main] DEBUG c.intuit.karate.driver.DriverOptions - >> {"id":101,"sessionId":"A1CCD0EE465A05D217E1D157C7D3D312","method":"Input.dispatchKeyEvent","params":{"modifiers":0,"type":"keyUp","text":"9","windowsVirtualKeyCode":57}}
14:16:59.848 [nioEventLoopGroup-7-1] DEBUG c.intuit.karate.driver.DriverOptions - << {"id":101,"result":{},"sessionId":"A1CCD0EE465A05D217E1D157C7D3D312"}
14:16:59.848 [main] DEBUG c.intuit.karate.driver.DriverOptions - >> {"id":102,"sessionId":"A1CCD0EE465A05D217E1D157C7D3D312","method":"Runtime.evaluate","params":{"expression":"document.querySelector(\"button[id=sendmsg]\").click()","returnByValue":true}}
14:16:59.848 [nioEventLoopGroup-7-1] DEBUG c.intuit.karate.driver.DriverOptions - << {"id":102,"result":{"result":{"type":"undefined"}},"sessionId":"A1CCD0EE465A05D217E1D157C7D3D312"}
14:16:59.848 [nioEventLoopGroup-7-1] DEBUG c.intuit.karate.driver.DriverOptions - << {"method":"Page.frameScheduledNavigation","params":{"frameId":"453F93EBE0F4F6CE81A81365AB244D90","delay":0,"reason":"formSubmissionPost","url":"http://localhost:8080/user/2/msg"},"sessionId":"A1CCD0EE465A05D217E1D157C7D3D312"}
14:16:59.848 [nioEventLoopGroup-7-1] DEBUG c.intuit.karate.driver.DriverOptions - << {"method":"Page.frameRequestedNavigation","params":{"frameId":"453F93EBE0F4F6CE81A81365AB244D90","reason":"formSubmissionPost","url":"http://localhost:8080/user/2/msg","disposition":"currentTab"},"sessionId":"A1CCD0EE465A05D217E1D157C7D3D312"}
14:16:59.864 [nioEventLoopGroup-7-1] DEBUG c.intuit.karate.driver.DriverOptions - << {"method":"Page.frameStartedLoading","params":{"frameId":"453F93EBE0F4F6CE81A81365AB244D90"},"sessionId":"A1CCD0EE465A05D217E1D157C7D3D312"}
14:16:59.864 [nioEventLoopGroup-7-1] DEBUG c.intuit.karate.driver.DriverOptions - << {"method":"Page.frameClearedScheduledNavigation","params":{"frameId":"453F93EBE0F4F6CE81A81365AB244D90"},"sessionId":"A1CCD0EE465A05D217E1D157C7D3D312"}
14:16:59.874 [nioEventLoopGroup-7-1] DEBUG c.intuit.karate.driver.DriverOptions - << {"method":"Runtime.executionContextsCleared","params":{},"sessionId":"A1CCD0EE465A05D217E1D157C7D3D312"}
14:16:59.874 [nioEventLoopGroup-7-1] DEBUG c.intuit.karate.driver.DriverOptions - << {"method":"Page.frameNavigated","params":{"frame":{"id":"453F93EBE0F4F6CE81A81365AB244D90","loaderId":"880C4586B754CB08E51D227C891D0402","url":"http://localhost:8080/user/2/msg","domainAndRegistry":"","securityOrigin":"http://localhost:8080","mimeType":"text/html","adFrameStatus":{"adFrameType":"none"},"secureContextType":"SecureLocalhost","crossOriginIsolatedContextType":"NotIsolated","gatedAPIFeatures":[]},"type":"Navigation"},"sessionId":"A1CCD0EE465A05D217E1D157C7D3D312"}
14:16:59.874 [nioEventLoopGroup-7-1] DEBUG c.intuit.karate.driver.DriverOptions - << {"method":"Runtime.executionContextCreated","params":{"context":{"id":4,"origin":"http://localhost:8080","name":"","uniqueId":"5882905296919677801.-3603848940368885779","auxData":{"isDefault":true,"type":"default","frameId":"453F93EBE0F4F6CE81A81365AB244D90"}}},"sessionId":"A1CCD0EE465A05D217E1D157C7D3D312"}
14:16:59.882 [nioEventLoopGroup-7-1] DEBUG c.intuit.karate.driver.DriverOptions - << {"method":"Page.frameStoppedLoading","params":{"frameId":"453F93EBE0F4F6CE81A81365AB244D90"},"sessionId":"A1CCD0EE465A05D217E1D157C7D3D312"}
14:17:00.377 [main] INFO  c.intuit.karate.core.FeatureRuntime - classpath:external/login.feature - call by tag at line 22: login_b
14:17:00.381 [main] DEBUG c.intuit.karate.driver.DriverOptions - >> {"id":103,"sessionId":"A1CCD0EE465A05D217E1D157C7D3D312","method":"Page.navigate","params":{"url":"http:\/\/localhost:8080\/login"}}
14:17:00.382 [nioEventLoopGroup-7-1] DEBUG c.intuit.karate.driver.DriverOptions - << {"method":"Page.frameStartedLoading","params":{"frameId":"453F93EBE0F4F6CE81A81365AB244D90"},"sessionId":"A1CCD0EE465A05D217E1D157C7D3D312"}
14:17:00.388 [nioEventLoopGroup-7-1] DEBUG c.intuit.karate.driver.DriverOptions - << {"id":103,"result":{"frameId":"453F93EBE0F4F6CE81A81365AB244D90","loaderId":"AD9118DEFD6689CA985098C03B2EDA69"},"sessionId":"A1CCD0EE465A05D217E1D157C7D3D312"}
14:17:00.394 [nioEventLoopGroup-7-1] DEBUG c.intuit.karate.driver.DriverOptions - << {"method":"Runtime.executionContextsCleared","params":{},"sessionId":"A1CCD0EE465A05D217E1D157C7D3D312"}
14:17:00.394 [nioEventLoopGroup-7-1] DEBUG c.intuit.karate.driver.DriverOptions - << {"method":"Page.frameNavigated","params":{"frame":{"id":"453F93EBE0F4F6CE81A81365AB244D90","loaderId":"AD9118DEFD6689CA985098C03B2EDA69","url":"http://localhost:8080/login","domainAndRegistry":"","securityOrigin":"http://localhost:8080","mimeType":"text/html","adFrameStatus":{"adFrameType":"none"},"secureContextType":"SecureLocalhost","crossOriginIsolatedContextType":"NotIsolated","gatedAPIFeatures":[]},"type":"Navigation"},"sessionId":"A1CCD0EE465A05D217E1D157C7D3D312"}
14:17:00.395 [nioEventLoopGroup-7-1] DEBUG c.intuit.karate.driver.DriverOptions - << {"method":"Runtime.executionContextCreated","params":{"context":{"id":5,"origin":"http://localhost:8080","name":"","uniqueId":"3041825664251168251.-8709614451313682225","auxData":{"isDefault":true,"type":"default","frameId":"453F93EBE0F4F6CE81A81365AB244D90"}}},"sessionId":"A1CCD0EE465A05D217E1D157C7D3D312"}
14:17:00.400 [nioEventLoopGroup-7-1] DEBUG c.intuit.karate.driver.DriverOptions - << {"method":"Page.domContentEventFired","params":{"timestamp":2925.140657},"sessionId":"A1CCD0EE465A05D217E1D157C7D3D312"}
14:17:00.401 [nioEventLoopGroup-7-1] DEBUG c.intuit.karate.driver.DriverOptions - << {"method":"Page.loadEventFired","params":{"timestamp":2925.142561},"sessionId":"A1CCD0EE465A05D217E1D157C7D3D312"}
14:17:00.401 [nioEventLoopGroup-7-1] DEBUG c.intuit.karate.driver.DriverOptions - << {"method":"Page.frameStoppedLoading","params":{"frameId":"453F93EBE0F4F6CE81A81365AB244D90"},"sessionId":"A1CCD0EE465A05D217E1D157C7D3D312"}
14:17:00.402 [main] DEBUG c.intuit.karate.driver.DriverOptions - >> {"id":104,"sessionId":"A1CCD0EE465A05D217E1D157C7D3D312","method":"Runtime.evaluate","params":{"expression":"var e = document.querySelector(\"#username\"); e.focus(); try { e.selectionStart = e.selectionEnd = e.value.length } catch(x) {}","returnByValue":true}}
14:17:00.405 [nioEventLoopGroup-7-1] DEBUG c.intuit.karate.driver.DriverOptions - << {"id":104,"result":{"result":{"type":"number","value":0,"description":"0"}},"sessionId":"A1CCD0EE465A05D217E1D157C7D3D312"}
14:17:00.405 [main] DEBUG c.intuit.karate.driver.DriverOptions - >> {"id":105,"sessionId":"A1CCD0EE465A05D217E1D157C7D3D312","method":"Input.dispatchKeyEvent","params":{"modifiers":0,"type":"rawKeyDown","text":"b","windowsVirtualKeyCode":66}}
14:17:00.406 [nioEventLoopGroup-7-1] DEBUG c.intuit.karate.driver.DriverOptions - << {"id":105,"result":{},"sessionId":"A1CCD0EE465A05D217E1D157C7D3D312"}
14:17:00.406 [main] DEBUG c.intuit.karate.driver.DriverOptions - >> {"id":106,"sessionId":"A1CCD0EE465A05D217E1D157C7D3D312","method":"Input.dispatchKeyEvent","params":{"modifiers":0,"type":"char","text":"b","windowsVirtualKeyCode":66}}
14:17:00.408 [nioEventLoopGroup-7-1] DEBUG c.intuit.karate.driver.DriverOptions - << {"id":106,"result":{},"sessionId":"A1CCD0EE465A05D217E1D157C7D3D312"}
14:17:00.409 [main] DEBUG c.intuit.karate.driver.DriverOptions - >> {"id":107,"sessionId":"A1CCD0EE465A05D217E1D157C7D3D312","method":"Input.dispatchKeyEvent","params":{"modifiers":0,"type":"keyUp","text":"b","windowsVirtualKeyCode":66}}
14:17:00.409 [nioEventLoopGroup-7-1] DEBUG c.intuit.karate.driver.DriverOptions - << {"id":107,"result":{},"sessionId":"A1CCD0EE465A05D217E1D157C7D3D312"}
14:17:00.410 [main] DEBUG c.intuit.karate.driver.DriverOptions - >> {"id":108,"sessionId":"A1CCD0EE465A05D217E1D157C7D3D312","method":"Runtime.evaluate","params":{"expression":"var e = document.querySelector(\"#password\"); e.focus(); try { e.selectionStart = e.selectionEnd = e.value.length } catch(x) {}","returnByValue":true}}
14:17:00.411 [nioEventLoopGroup-7-1] DEBUG c.intuit.karate.driver.DriverOptions - << {"id":108,"result":{"result":{"type":"number","value":0,"description":"0"}},"sessionId":"A1CCD0EE465A05D217E1D157C7D3D312"}
14:17:00.412 [main] DEBUG c.intuit.karate.driver.DriverOptions - >> {"id":109,"sessionId":"A1CCD0EE465A05D217E1D157C7D3D312","method":"Input.dispatchKeyEvent","params":{"modifiers":0,"type":"rawKeyDown","text":"a","windowsVirtualKeyCode":65}}
14:17:00.413 [nioEventLoopGroup-7-1] DEBUG c.intuit.karate.driver.DriverOptions - << {"id":109,"result":{},"sessionId":"A1CCD0EE465A05D217E1D157C7D3D312"}
14:17:00.413 [main] DEBUG c.intuit.karate.driver.DriverOptions - >> {"id":110,"sessionId":"A1CCD0EE465A05D217E1D157C7D3D312","method":"Input.dispatchKeyEvent","params":{"modifiers":0,"type":"char","text":"a","windowsVirtualKeyCode":65}}
14:17:00.413 [nioEventLoopGroup-7-1] DEBUG c.intuit.karate.driver.DriverOptions - << {"id":110,"result":{},"sessionId":"A1CCD0EE465A05D217E1D157C7D3D312"}
14:17:00.413 [main] DEBUG c.intuit.karate.driver.DriverOptions - >> {"id":111,"sessionId":"A1CCD0EE465A05D217E1D157C7D3D312","method":"Input.dispatchKeyEvent","params":{"modifiers":0,"type":"keyUp","text":"a","windowsVirtualKeyCode":65}}
14:17:00.415 [nioEventLoopGroup-7-1] DEBUG c.intuit.karate.driver.DriverOptions - << {"id":111,"result":{},"sessionId":"A1CCD0EE465A05D217E1D157C7D3D312"}
14:17:00.415 [main] DEBUG c.intuit.karate.driver.DriverOptions - >> {"id":112,"sessionId":"A1CCD0EE465A05D217E1D157C7D3D312","method":"Input.dispatchKeyEvent","params":{"modifiers":0,"type":"rawKeyDown","text":"a","windowsVirtualKeyCode":65}}
14:17:00.415 [nioEventLoopGroup-7-1] DEBUG c.intuit.karate.driver.DriverOptions - << {"id":112,"result":{},"sessionId":"A1CCD0EE465A05D217E1D157C7D3D312"}
14:17:00.416 [main] DEBUG c.intuit.karate.driver.DriverOptions - >> {"id":113,"sessionId":"A1CCD0EE465A05D217E1D157C7D3D312","method":"Input.dispatchKeyEvent","params":{"modifiers":0,"type":"char","text":"a","windowsVirtualKeyCode":65}}
14:17:00.416 [nioEventLoopGroup-7-1] DEBUG c.intuit.karate.driver.DriverOptions - << {"id":113,"result":{},"sessionId":"A1CCD0EE465A05D217E1D157C7D3D312"}
14:17:00.417 [main] DEBUG c.intuit.karate.driver.DriverOptions - >> {"id":114,"sessionId":"A1CCD0EE465A05D217E1D157C7D3D312","method":"Input.dispatchKeyEvent","params":{"modifiers":0,"type":"keyUp","text":"a","windowsVirtualKeyCode":65}}
14:17:00.417 [nioEventLoopGroup-7-1] DEBUG c.intuit.karate.driver.DriverOptions - << {"id":114,"result":{},"sessionId":"A1CCD0EE465A05D217E1D157C7D3D312"}
14:17:00.418 [main] DEBUG c.intuit.karate.driver.DriverOptions - >> {"id":115,"sessionId":"A1CCD0EE465A05D217E1D157C7D3D312","method":"Runtime.evaluate","params":{"expression":"document.querySelector(\".form-signin button\").click()","returnByValue":true}}
14:17:00.419 [nioEventLoopGroup-7-1] DEBUG c.intuit.karate.driver.DriverOptions - << {"id":115,"result":{"result":{"type":"undefined"}},"sessionId":"A1CCD0EE465A05D217E1D157C7D3D312"}
14:17:00.420 [nioEventLoopGroup-7-1] DEBUG c.intuit.karate.driver.DriverOptions - << {"method":"Page.frameScheduledNavigation","params":{"frameId":"453F93EBE0F4F6CE81A81365AB244D90","delay":0,"reason":"formSubmissionPost","url":"http://localhost:8080/login"},"sessionId":"A1CCD0EE465A05D217E1D157C7D3D312"}
14:17:00.420 [nioEventLoopGroup-7-1] DEBUG c.intuit.karate.driver.DriverOptions - << {"method":"Page.frameRequestedNavigation","params":{"frameId":"453F93EBE0F4F6CE81A81365AB244D90","reason":"formSubmissionPost","url":"http://localhost:8080/login","disposition":"currentTab"},"sessionId":"A1CCD0EE465A05D217E1D157C7D3D312"}
14:17:00.421 [nioEventLoopGroup-7-1] DEBUG c.intuit.karate.driver.DriverOptions - << {"method":"Page.frameStartedLoading","params":{"frameId":"453F93EBE0F4F6CE81A81365AB244D90"},"sessionId":"A1CCD0EE465A05D217E1D157C7D3D312"}
14:17:00.421 [nioEventLoopGroup-7-1] DEBUG c.intuit.karate.driver.DriverOptions - << {"method":"Page.frameClearedScheduledNavigation","params":{"frameId":"453F93EBE0F4F6CE81A81365AB244D90"},"sessionId":"A1CCD0EE465A05D217E1D157C7D3D312"}
14:17:00.509 [nioEventLoopGroup-7-1] DEBUG c.intuit.karate.driver.DriverOptions - << {"method":"Runtime.executionContextsCleared","params":{},"sessionId":"A1CCD0EE465A05D217E1D157C7D3D312"}
14:17:00.510 [nioEventLoopGroup-7-1] DEBUG c.intuit.karate.driver.DriverOptions - << {"method":"Page.frameNavigated","params":{"frame":{"id":"453F93EBE0F4F6CE81A81365AB244D90","loaderId":"B6DCF332A007E97DE9AA233B1A91416D","url":"http://localhost:8080/user/2","domainAndRegistry":"","securityOrigin":"http://localhost:8080","mimeType":"text/html","adFrameStatus":{"adFrameType":"none"},"secureContextType":"SecureLocalhost","crossOriginIsolatedContextType":"NotIsolated","gatedAPIFeatures":[]},"type":"Navigation"},"sessionId":"A1CCD0EE465A05D217E1D157C7D3D312"}
14:17:00.510 [nioEventLoopGroup-7-1] DEBUG c.intuit.karate.driver.DriverOptions - << {"method":"Runtime.executionContextCreated","params":{"context":{"id":6,"origin":"http://localhost:8080","name":"","uniqueId":"7127285867606275525.3033281027295335683","auxData":{"isDefault":true,"type":"default","frameId":"453F93EBE0F4F6CE81A81365AB244D90"}}},"sessionId":"A1CCD0EE465A05D217E1D157C7D3D312"}
14:17:00.517 [nioEventLoopGroup-7-1] DEBUG c.intuit.karate.driver.DriverOptions - << {"method":"Runtime.exceptionThrown","params":{"timestamp":1.710249420517295e+12,"exceptionDetails":{"exceptionId":2,"text":"Uncaught","lineNumber":5,"columnNumber":20,"scriptId":"18","url":"http://localhost:8080/js/mdInclude.js","stackTrace":{"callFrames":[{"functionName":"","scriptId":"18","url":"http://localhost:8080/js/mdInclude.js","lineNumber":5,"columnNumber":20}]},"exception":{"type":"object","subtype":"error","className":"ReferenceError","description":"ReferenceError: marked is not defined\n    at http://localhost:8080/js/mdInclude.js:6:21","objectId":"5153823937623634048.6.1","preview":{"type":"object","subtype":"error","description":"ReferenceError: marked is not defined\n    at http://localhost:8080/js/mdInclude.js:6:21","overflow":false,"properties":[{"name":"stack","type":"string","value":"ReferenceError: marked is not defined\n    at http://localhost:8080/js/mdInclude.js:6:21"},{"name":"message","type":"string","value":"marked is not defined"}]}},"executionContextId":6}},"sessionId":"A1CCD0EE465 ...
14:17:00.518 [nioEventLoopGroup-7-1] DEBUG c.intuit.karate.driver.DriverOptions - << {"method":"Runtime.consoleAPICalled","params":{"type":"log","args":[{"type":"string","value":"Opening Web Socket..."}],"executionContextId":6,"timestamp":1.710249420517469e+12,"stackTrace":{"callFrames":[{"functionName":"Client.debug","scriptId":"12","url":"http://localhost:8080/js/stomp.js","lineNumber":173,"columnNumber":107},{"functionName":"Client._connect","scriptId":"12","url":"http://localhost:8080/js/stomp.js","lineNumber":291,"columnNumber":21},{"functionName":"Client.connect","scriptId":"12","url":"http://localhost:8080/js/stomp.js","lineNumber":278,"columnNumber":24},{"functionName":"initialize","scriptId":"11","url":"http://localhost:8080/js/iw.js","lineNumber":35,"columnNumber":27},{"functionName":"","scriptId":"11","url":"http://localhost:8080/js/iw.js","lineNumber":199,"columnNumber":11}]}},"sessionId":"A1CCD0EE465A05D217E1D157C7D3D312"}
14:17:00.518 [nioEventLoopGroup-7-1] DEBUG c.intuit.karate.driver.DriverOptions - [console] Opening Web Socket...
14:17:00.519 [nioEventLoopGroup-7-1] DEBUG c.intuit.karate.driver.DriverOptions - << {"method":"Runtime.consoleAPICalled","params":{"type":"log","args":[{"type":"string","value":"Connected to WS 'ws://localhost:8080/ws'"}],"executionContextId":6,"timestamp":1.71024942051767e+12,"stackTrace":{"callFrames":[{"functionName":"initialize","scriptId":"11","url":"http://localhost:8080/js/iw.js","lineNumber":44,"columnNumber":20},{"functionName":"","scriptId":"11","url":"http://localhost:8080/js/iw.js","lineNumber":199,"columnNumber":11}]}},"sessionId":"A1CCD0EE465A05D217E1D157C7D3D312"}
14:17:00.520 [nioEventLoopGroup-7-1] DEBUG c.intuit.karate.driver.DriverOptions - [console] Connected to WS 'ws://localhost:8080/ws'
14:17:00.520 [nioEventLoopGroup-7-1] DEBUG c.intuit.karate.driver.DriverOptions - << {"method":"Runtime.consoleAPICalled","params":{"type":"log","args":[{"type":"string","value":"sending"},{"type":"string","value":"//localhost:8080/user/unread"},{"type":"object","className":"Object","description":"Object","objectId":"5153823937623634048.6.2","preview":{"type":"object","description":"Object","overflow":false,"properties":[{"name":"method","type":"string","value":"GET"},{"name":"headers","type":"object","value":"Object"}]}}],"executionContextId":6,"timestamp":1.710249420517784e+12,"stackTrace":{"callFrames":[{"functionName":"go","scriptId":"11","url":"http://localhost:8080/js/iw.js","lineNumber":94,"columnNumber":12},{"functionName":"","scriptId":"11","url":"http://localhost:8080/js/iw.js","lineNumber":203,"columnNumber":12}]}},"sessionId":"A1CCD0EE465A05D217E1D157C7D3D312"}
14:17:00.520 [nioEventLoopGroup-7-1] DEBUG c.intuit.karate.driver.DriverOptions - [console] sending
14:17:00.520 [nioEventLoopGroup-7-1] DEBUG c.intuit.karate.driver.DriverOptions - [console] //localhost:8080/user/unread
14:17:00.522 [nioEventLoopGroup-7-1] DEBUG c.intuit.karate.driver.DriverOptions - << {"method":"Page.domContentEventFired","params":{"timestamp":2925.260251},"sessionId":"A1CCD0EE465A05D217E1D157C7D3D312"}
14:17:00.522 [nioEventLoopGroup-7-1] DEBUG c.intuit.karate.driver.DriverOptions - << {"method":"Page.loadEventFired","params":{"timestamp":2925.263552},"sessionId":"A1CCD0EE465A05D217E1D157C7D3D312"}
14:17:00.522 [nioEventLoopGroup-7-1] DEBUG c.intuit.karate.driver.DriverOptions - << {"method":"Page.frameStoppedLoading","params":{"frameId":"453F93EBE0F4F6CE81A81365AB244D90"},"sessionId":"A1CCD0EE465A05D217E1D157C7D3D312"}
14:17:00.523 [nioEventLoopGroup-7-1] DEBUG c.intuit.karate.driver.DriverOptions - << {"method":"Runtime.consoleAPICalled","params":{"type":"log","args":[{"type":"string","value":"Web Socket Opened..."}],"executionContextId":6,"timestamp":1.710249420523052e+12,"stackTrace":{"callFrames":[{"functionName":"Client.debug","scriptId":"12","url":"http://localhost:8080/js/stomp.js","lineNumber":173,"columnNumber":107},{"functionName":"","scriptId":"12","url":"http://localhost:8080/js/stomp.js","lineNumber":441,"columnNumber":30}]}},"sessionId":"A1CCD0EE465A05D217E1D157C7D3D312"}
14:17:00.523 [main] DEBUG c.intuit.karate.driver.DriverOptions - >> {"id":116,"sessionId":"A1CCD0EE465A05D217E1D157C7D3D312","method":"Runtime.evaluate","params":{"expression":"document.location.href","returnByValue":true}}
14:17:00.523 [nioEventLoopGroup-7-1] DEBUG c.intuit.karate.driver.DriverOptions - [console] Web Socket Opened...
14:17:00.523 [nioEventLoopGroup-7-1] DEBUG c.intuit.karate.driver.DriverOptions - << {"method":"Runtime.consoleAPICalled","params":{"type":"log","args":[{"type":"string","value":">>> CONNECT\nX-CSRF-TOKEN:21f0688e-92ac-4861-a083-75402298d098\naccept-version:1.2,1.1,1.0\nheart-beat:10000,10000\n\n\u0000"}],"executionContextId":6,"timestamp":1.710249420523217e+12,"stackTrace":{"callFrames":[{"functionName":"Client.debug","scriptId":"12","url":"http://localhost:8080/js/stomp.js","lineNumber":173,"columnNumber":107},{"functionName":"Client._transmit","scriptId":"12","url":"http://localhost:8080/js/stomp.js","lineNumber":188,"columnNumber":21},{"functionName":"","scriptId":"12","url":"http://localhost:8080/js/stomp.js","lineNumber":445,"columnNumber":33}]}},"sessionId":"A1CCD0EE465A05D217E1D157C7D3D312"}
14:17:00.523 [nioEventLoopGroup-7-1] DEBUG c.intuit.karate.driver.DriverOptions - [console] >>> CONNECT
X-CSRF-TOKEN:21f0688e-92ac-4861-a083-75402298d098
accept-version:1.2,1.1,1.0
heart-beat:10000,10000

&amp#0;
14:17:00.524 [nioEventLoopGroup-7-1] DEBUG c.intuit.karate.driver.DriverOptions - << {"id":116,"result":{"result":{"type":"string","value":"http://localhost:8080/user/2"}},"sessionId":"A1CCD0EE465A05D217E1D157C7D3D312"}
14:17:00.525 [nioEventLoopGroup-7-1] DEBUG c.intuit.karate.driver.DriverOptions - << {"method":"Runtime.consoleAPICalled","params":{"type":"log","args":[{"type":"string","value":"<<< CONNECTED\nversion:1.2\nheart-beat:0,0\nuser-name:b\n\n\u0000"}],"executionContextId":6,"timestamp":1.710249420524986e+12,"stackTrace":{"callFrames":[{"functionName":"Client.debug","scriptId":"12","url":"http://localhost:8080/js/stomp.js","lineNumber":173,"columnNumber":107},{"functionName":"","scriptId":"12","url":"http://localhost:8080/js/stomp.js","lineNumber":339,"columnNumber":30}]}},"sessionId":"A1CCD0EE465A05D217E1D157C7D3D312"}
14:17:00.525 [nioEventLoopGroup-7-1] DEBUG c.intuit.karate.driver.DriverOptions - [console] <<< CONNECTED
version:1.2
heart-beat:0,0
user-name:b

&amp#0;
14:17:00.525 [nioEventLoopGroup-7-1] DEBUG c.intuit.karate.driver.DriverOptions - << {"method":"Runtime.consoleAPICalled","params":{"type":"log","args":[{"type":"string","value":"connected to server undefined"}],"executionContextId":6,"timestamp":1.710249420525095e+12,"stackTrace":{"callFrames":[{"functionName":"Client.debug","scriptId":"12","url":"http://localhost:8080/js/stomp.js","lineNumber":173,"columnNumber":107},{"functionName":"","scriptId":"12","url":"http://localhost:8080/js/stomp.js","lineNumber":349,"columnNumber":42}]}},"sessionId":"A1CCD0EE465A05D217E1D157C7D3D312"}
14:17:00.525 [nioEventLoopGroup-7-1] DEBUG c.intuit.karate.driver.DriverOptions - [console] connected to server undefined
14:17:00.525 [nioEventLoopGroup-7-1] DEBUG c.intuit.karate.driver.DriverOptions - << {"method":"Runtime.consoleAPICalled","params":{"type":"log","args":[{"type":"string","value":"Connected to "},{"type":"string","value":"ws://localhost:8080/ws"},{"type":"string","value":" - subscribing:"}],"executionContextId":6,"timestamp":1.710249420525143e+12,"stackTrace":{"callFrames":[{"functionName":"","scriptId":"11","url":"http://localhost:8080/js/iw.js","lineNumber":37,"columnNumber":24},{"functionName":"","scriptId":"12","url":"http://localhost:8080/js/stomp.js","lineNumber":362,"columnNumber":42}]}},"sessionId":"A1CCD0EE465A05D217E1D157C7D3D312"}
14:17:00.525 [nioEventLoopGroup-7-1] DEBUG c.intuit.karate.driver.DriverOptions - [console] Connected to 
14:17:00.525 [nioEventLoopGroup-7-1] DEBUG c.intuit.karate.driver.DriverOptions - [console] ws://localhost:8080/ws
14:17:00.525 [nioEventLoopGroup-7-1] DEBUG c.intuit.karate.driver.DriverOptions - [console]  - subscribing:
14:17:00.525 [nioEventLoopGroup-7-1] DEBUG c.intuit.karate.driver.DriverOptions - << {"method":"Runtime.consoleAPICalled","params":{"type":"log","args":[{"type":"string","value":" ... to /user/queue/updates ..."}],"executionContextId":6,"timestamp":1.710249420525216e+12,"stackTrace":{"callFrames":[{"functionName":"","scriptId":"11","url":"http://localhost:8080/js/iw.js","lineNumber":40,"columnNumber":28},{"functionName":"","scriptId":"12","url":"http://localhost:8080/js/stomp.js","lineNumber":362,"columnNumber":42}]}},"sessionId":"A1CCD0EE465A05D217E1D157C7D3D312"}
14:17:00.525 [nioEventLoopGroup-7-1] DEBUG c.intuit.karate.driver.DriverOptions - [console]  ... to /user/queue/updates ...
14:17:00.526 [nioEventLoopGroup-7-1] DEBUG c.intuit.karate.driver.DriverOptions - << {"method":"Runtime.consoleAPICalled","params":{"type":"log","args":[{"type":"string","value":">>> SUBSCRIBE\nid:sub-0\ndestination:/user/queue/updates\n\n\u0000"}],"executionContextId":6,"timestamp":1.710249420525321e+12,"stackTrace":{"callFrames":[{"functionName":"Client.debug","scriptId":"12","url":"http://localhost:8080/js/stomp.js","lineNumber":173,"columnNumber":107},{"functionName":"Client._transmit","scriptId":"12","url":"http://localhost:8080/js/stomp.js","lineNumber":188,"columnNumber":21},{"functionName":"Client.subscribe","scriptId":"12","url":"http://localhost:8080/js/stomp.js","lineNumber":532,"columnNumber":17},{"functionName":"subscribe","scriptId":"11","url":"http://localhost:8080/js/iw.js","lineNumber":52,"columnNumber":27},{"functionName":"","scriptId":"11","url":"http://localhost:8080/js/iw.js","lineNumber":41,"columnNumber":23},{"functionName":"","scriptId":"12","url":"http://localhost:8080/js/stomp.js","lineNumber":362,"columnNumber":42}]}},"sessionId":"A1CCD0EE465A05D217E1D157C7D3D312"}
14:17:00.526 [nioEventLoopGroup-7-1] DEBUG c.intuit.karate.driver.DriverOptions - [console] >>> SUBSCRIBE
id:sub-0
destination:/user/queue/updates

&amp#0;
14:17:00.526 [nioEventLoopGroup-7-1] DEBUG c.intuit.karate.driver.DriverOptions - << {"method":"Runtime.consoleAPICalled","params":{"type":"log","args":[{"type":"string","value":"Hopefully subscribed to /user/queue/updates"}],"executionContextId":6,"timestamp":1.710249420525404e+12,"stackTrace":{"callFrames":[{"functionName":"subscribe","scriptId":"11","url":"http://localhost:8080/js/iw.js","lineNumber":54,"columnNumber":20},{"functionName":"","scriptId":"11","url":"http://localhost:8080/js/iw.js","lineNumber":41,"columnNumber":23},{"functionName":"","scriptId":"12","url":"http://localhost:8080/js/stomp.js","lineNumber":362,"columnNumber":42}]}},"sessionId":"A1CCD0EE465A05D217E1D157C7D3D312"}
14:17:00.526 [nioEventLoopGroup-7-1] DEBUG c.intuit.karate.driver.DriverOptions - [console] Hopefully subscribed to /user/queue/updates
14:17:01.030 [main] DEBUG c.intuit.karate.driver.DriverOptions - >> {"id":117,"sessionId":"A1CCD0EE465A05D217E1D157C7D3D312","method":"Runtime.evaluate","params":{"expression":"document.querySelector(\"#mensajes\")['outerHTML']","returnByValue":true}}
14:17:01.031 [nioEventLoopGroup-7-1] DEBUG c.intuit.karate.driver.DriverOptions - << {"id":117,"result":{"result":{"type":"string","value":"<div class=\"py-5 row\" id=\"mensajes\">\n            </div>"}},"sessionId":"A1CCD0EE465A05D217E1D157C7D3D312"}
14:17:01.031 [main] ERROR com.intuit.karate - classpath:external/ws.feature:15
Then match html('#mensajes') contains mensaje
match failed: CONTAINS
  $ | actual does not contain expected (STRING:STRING)
  '<div class="py-5 row" id="mensajes">
            </div>'
  'el número secreto es el 559'

classpath:external/ws.feature:15
14:17:01.032 [main] DEBUG c.intuit.karate.driver.DriverOptions - >> {"id":118,"sessionId":"A1CCD0EE465A05D217E1D157C7D3D312","method":"Page.captureScreenshot"}
14:17:01.102 [nioEventLoopGroup-7-1] DEBUG c.intuit.karate.driver.DriverOptions - << {"id":118,"result":{"data":"iVBORw0KGgoAAAANSUhEUgAAA6EAAANyCAYAAACT8c2rAAAAAXNSR0IArs4c6QAAIABJREFUeJzs3X98VPW97/vXyi9QpB1/JqCe1IBE01txo0DBc6ZiN9GebdxsQrwbaLopTe6xVXbPbdMgMbjPlRggTfs4u9ir+yRtOaLh1CRutuk5anJVnN2CBs2G63XaUH40BUKCKMOvQH7MrPvH/MiaX0kmJJkkvp+PxzweZtZ3fddnfScPw2e+n+93GZe7e0xERERERERExkBCvAMQERERERGRzw8loSIiIiIiIjJmlISKiIiIiIjImFESKiIiIiIiImNGSaiIiIiIiIiMGSWhIiIiIiIiMmaUhIqIiIiIiMiYURIqIiIiIiIiY0ZJqIiIiIiIiIyZpHgHICIiIiIiMtn19vZy/vx5enq6Mc14R3NlDANSUqYwffp0kpOTYz//cnfPBB8CERERERGR8au3t5dPPz3N9Olf4Oqrr8YwjHiHdEVM06Srq4vz589x/fU3xJyIqhxXRERERERkFJ0/f57p07/AtGnTJnwCCmAYBtOmTWP69C9w/vz5mM9XEioiIiIiIjKKenq6ufrqq+Mdxoi7+uqr6enpjvk8JaEiIiIiIiKjyDSZFDOgoQzDGNb6ViWhIiIiIiIiMmbGNAk1+g6Du2MsLykiIiIiIiLjyOgloX2HwX0a4/z/TVLnX5B4diMpp79M8if3kni2hJQOG3R/AL1HlZiKiIiIiIh8Toz8c0LNbuj5A1POzA9+//IRSJhOgnkZ49I2DLqZcmax9xQzgd7UP2Ma14IR+3NmREREREREZGIY2SS0909M+TQTMIEEPMYtuFMepO+qJ0hI6MJwn4KEFDBm4Ok7TdKl50noe5cEPiXl1C14jFvpufH3GAkpIxqWiIiIiIiIjA8jlIR6oOtNki/+F8DETEine/qvMXreZcqlDSR3V0U5L5meL/wPzL5OplzaQIJ5jMTTK/B84f+EqUtG ...
14:17:01.102 [main] DEBUG c.intuit.karate.driver.DriverOptions - >> {"id":119,"sessionId":"A1CCD0EE465A05D217E1D157C7D3D312","method":"Target.closeTarget","params":{"targetId":"453F93EBE0F4F6CE81A81365AB244D90"}}
14:17:01.102 [nioEventLoopGroup-7-1] DEBUG c.i.k.http.WebSocketClientHandler - websocket closing
14:17:01.102 [nioEventLoopGroup-7-1] DEBUG c.i.k.http.WebSocketClientHandler - websocket client disconnected
14:17:01.102 [main] DEBUG com.intuit.karate.shell.Command - closing command: chrome_1710249418972
14:17:01.147 [chrome_1710249418972] WARN  com.intuit.karate.shell.Command - exit code was non-zero: 1 - [C:\Program Files (x86)\Google\Chrome\Application\chrome.exe, --remote-debugging-port=51719, --no-first-run, --user-data-dir=u:\hlocal\gg\gg\target\chrome_1710249418972, --disable-popup-blocking, --remote-allow-origins=*, --incognito] working dir: target\chrome_1710249418972
---------------------------------------------------------
feature: classpath:external/ws.feature
scenarios:  1 | passed:  0 | failed:  1 | time: 2,0667
---------------------------------------------------------

Karate version: 1.1.0
======================================================
elapsed:   2,24 | threads:    1 | thread time: 2,07 
features:     1 | skipped:    0 | efficiency: 0,92
scenarios:    1 | passed:     0 | failed: 1
======================================================
>>> failed features:
match failed: CONTAINS
  $ | actual does not contain expected (STRING:STRING)
  '<div class="py-5 row" id="mensajes">
            </div>'
  'el número secreto es el 559'

classpath:external/ws.feature:15
<<<

HTML report: (paste into browser to view) | Karate version: 1.1.0
file:///u:/hlocal/gg/gg/target/karate-reports/karate-summary.html
===================================================================

]]></system-out>
  </testcase>
</testsuite>